14:50:50 arprast log error :
com.ari.prasetiyo.dao.daoLogin
java.sql.SQLException: Parameter index out of range (3 > number of parameters, which is 2).
	at com.mysql.jdbc.SQLError.createSQLException(SQLError.java:1078)
	at com.mysql.jdbc.SQLError.createSQLException(SQLError.java:989)
	at com.mysql.jdbc.SQLError.createSQLException(SQLError.java:975)
	at com.mysql.jdbc.SQLError.createSQLException(SQLError.java:920)
	at com.mysql.jdbc.PreparedStatement.checkBounds(PreparedStatement.java:3813)
	at com.mysql.jdbc.PreparedStatement.setInternal(PreparedStatement.java:3795)
	at com.mysql.jdbc.PreparedStatement.setString(PreparedStatement.java:4616)
	at com.ari.prasetiyo.dao.daoMasterPelamar.tampilDataPelamar(daoMasterPelamar.java:203)
	at com.ari.prasetiyo.payroll.masterPelamar.kirimDataAjax(masterPelamar.java:273)
	at com.ari.prasetiyo.payroll.masterPelamar.doGet(masterPelamar.java:92)
	at javax.servlet.http.HttpServlet.service(HttpServlet.java:617)
	at javax.servlet.http.HttpServlet.service(HttpServlet.java:717)
	at org.apache.catalina.core.ApplicationFilterChain.internalDoFilter(ApplicationFilterChain.java:290)
	at org.apache.catalina.core.ApplicationFilterChain.doFilter(ApplicationFilterChain.java:206)
	at org.apache.catalina.core.StandardWrapperValve.invoke(StandardWrapperValve.java:233)
	at org.apache.catalina.core.StandardContextValve.invoke(StandardContextValve.java:191)
	at org.apache.catalina.core.StandardHostValve.invoke(StandardHostValve.java:127)
	at org.apache.catalina.valves.ErrorReportValve.invoke(ErrorReportValve.java:102)
	at org.apache.catalina.core.StandardEngineValve.invoke(StandardEngineValve.java:109)
	at org.apache.catalina.connector.CoyoteAdapter.service(CoyoteAdapter.java:298)
	at org.apache.coyote.http11.Http11Processor.process(Http11Processor.java:857)
	at org.apache.coyote.http11.Http11Protocol$Http11ConnectionHandler.process(Http11Protocol.java:588)
	at org.apache.tomcat.util.net.JIoEndpoint$Worker.run(JIoEndpoint.java:489)
	at java.lang.Thread.run(Thread.java:745)


====================================
14:50:55 arprast log error :
com.ari.prasetiyo.dao.daoLogin
java.sql.SQLException: Parameter index out of range (3 > number of parameters, which is 2).
	at com.mysql.jdbc.SQLError.createSQLException(SQLError.java:1078)
	at com.mysql.jdbc.SQLError.createSQLException(SQLError.java:989)
	at com.mysql.jdbc.SQLError.createSQLException(SQLError.java:975)
	at com.mysql.jdbc.SQLError.createSQLException(SQLError.java:920)
	at com.mysql.jdbc.PreparedStatement.checkBounds(PreparedStatement.java:3813)
	at com.mysql.jdbc.PreparedStatement.setInternal(PreparedStatement.java:3795)
	at com.mysql.jdbc.PreparedStatement.setString(PreparedStatement.java:4616)
	at com.ari.prasetiyo.dao.daoMasterPelamar.tampilDataPelamar(daoMasterPelamar.java:203)
	at com.ari.prasetiyo.payroll.masterPelamar.kirimDataAjax(masterPelamar.java:273)
	at com.ari.prasetiyo.payroll.masterPelamar.doGet(masterPelamar.java:92)
	at javax.servlet.http.HttpServlet.service(HttpServlet.java:617)
	at javax.servlet.http.HttpServlet.service(HttpServlet.java:717)
	at org.apache.catalina.core.ApplicationFilterChain.internalDoFilter(ApplicationFilterChain.java:290)
	at org.apache.catalina.core.ApplicationFilterChain.doFilter(ApplicationFilterChain.java:206)
	at org.apache.catalina.core.StandardWrapperValve.invoke(StandardWrapperValve.java:233)
	at org.apache.catalina.core.StandardContextValve.invoke(StandardContextValve.java:191)
	at org.apache.catalina.core.StandardHostValve.invoke(StandardHostValve.java:127)
	at org.apache.catalina.valves.ErrorReportValve.invoke(ErrorReportValve.java:102)
	at org.apache.catalina.core.StandardEngineValve.invoke(StandardEngineValve.java:109)
	at org.apache.catalina.connector.CoyoteAdapter.service(CoyoteAdapter.java:298)
	at org.apache.coyote.http11.Http11Processor.process(Http11Processor.java:857)
	at org.apache.coyote.http11.Http11Protocol$Http11ConnectionHandler.process(Http11Protocol.java:588)
	at org.apache.tomcat.util.net.JIoEndpoint$Worker.run(JIoEndpoint.java:489)
	at java.lang.Thread.run(Thread.java:745)


====================================
14:53:01 arprast log error :
com.ari.prasetiyo.dao.daoLogin
java.sql.SQLException: Parameter index out of range (3 > number of parameters, which is 2).
	at com.mysql.jdbc.SQLError.createSQLException(SQLError.java:1078)
	at com.mysql.jdbc.SQLError.createSQLException(SQLError.java:989)
	at com.mysql.jdbc.SQLError.createSQLException(SQLError.java:975)
	at com.mysql.jdbc.SQLError.createSQLException(SQLError.java:920)
	at com.mysql.jdbc.PreparedStatement.checkBounds(PreparedStatement.java:3813)
	at com.mysql.jdbc.PreparedStatement.setInternal(PreparedStatement.java:3795)
	at com.mysql.jdbc.PreparedStatement.setString(PreparedStatement.java:4616)
	at com.ari.prasetiyo.dao.daoMasterPelamar.tampilDataPelamar(daoMasterPelamar.java:203)
	at com.ari.prasetiyo.payroll.masterPelamar.kirimDataAjax(masterPelamar.java:273)
	at com.ari.prasetiyo.payroll.masterPelamar.doGet(masterPelamar.java:92)
	at javax.servlet.http.HttpServlet.service(HttpServlet.java:617)
	at javax.servlet.http.HttpServlet.service(HttpServlet.java:717)
	at org.apache.catalina.core.ApplicationFilterChain.internalDoFilter(ApplicationFilterChain.java:290)
	at org.apache.catalina.core.ApplicationFilterChain.doFilter(ApplicationFilterChain.java:206)
	at org.apache.catalina.core.StandardWrapperValve.invoke(StandardWrapperValve.java:233)
	at org.apache.catalina.core.StandardContextValve.invoke(StandardContextValve.java:191)
	at org.apache.catalina.core.StandardHostValve.invoke(StandardHostValve.java:127)
	at org.apache.catalina.valves.ErrorReportValve.invoke(ErrorReportValve.java:102)
	at org.apache.catalina.core.StandardEngineValve.invoke(StandardEngineValve.java:109)
	at org.apache.catalina.connector.CoyoteAdapter.service(CoyoteAdapter.java:298)
	at org.apache.coyote.http11.Http11Processor.process(Http11Processor.java:857)
	at org.apache.coyote.http11.Http11Protocol$Http11ConnectionHandler.process(Http11Protocol.java:588)
	at org.apache.tomcat.util.net.JIoEndpoint$Worker.run(JIoEndpoint.java:489)
	at java.lang.Thread.run(Thread.java:745)


====================================
15:09:23 arprast log error :
com.ari.prasetiyo.dao.daoLogin
java.sql.SQLException: Parameter index out of range (3 > number of parameters, which is 2).
	at com.mysql.jdbc.SQLError.createSQLException(SQLError.java:1078)
	at com.mysql.jdbc.SQLError.createSQLException(SQLError.java:989)
	at com.mysql.jdbc.SQLError.createSQLException(SQLError.java:975)
	at com.mysql.jdbc.SQLError.createSQLException(SQLError.java:920)
	at com.mysql.jdbc.PreparedStatement.checkBounds(PreparedStatement.java:3813)
	at com.mysql.jdbc.PreparedStatement.setInternal(PreparedStatement.java:3795)
	at com.mysql.jdbc.PreparedStatement.setString(PreparedStatement.java:4616)
	at com.ari.prasetiyo.dao.daoMasterPelamar.tampilDataPelamar(daoMasterPelamar.java:203)
	at com.ari.prasetiyo.payroll.masterPelamar.kirimDataAjax(masterPelamar.java:273)
	at com.ari.prasetiyo.payroll.masterPelamar.doGet(masterPelamar.java:92)
	at javax.servlet.http.HttpServlet.service(HttpServlet.java:617)
	at javax.servlet.http.HttpServlet.service(HttpServlet.java:717)
	at org.apache.catalina.core.ApplicationFilterChain.internalDoFilter(ApplicationFilterChain.java:290)
	at org.apache.catalina.core.ApplicationFilterChain.doFilter(ApplicationFilterChain.java:206)
	at org.apache.catalina.core.StandardWrapperValve.invoke(StandardWrapperValve.java:233)
	at org.apache.catalina.core.StandardContextValve.invoke(StandardContextValve.java:191)
	at org.apache.catalina.core.StandardHostValve.invoke(StandardHostValve.java:127)
	at org.apache.catalina.valves.ErrorReportValve.invoke(ErrorReportValve.java:102)
	at org.apache.catalina.core.StandardEngineValve.invoke(StandardEngineValve.java:109)
	at org.apache.catalina.connector.CoyoteAdapter.service(CoyoteAdapter.java:298)
	at org.apache.coyote.http11.Http11Processor.process(Http11Processor.java:857)
	at org.apache.coyote.http11.Http11Protocol$Http11ConnectionHandler.process(Http11Protocol.java:588)
	at org.apache.tomcat.util.net.JIoEndpoint$Worker.run(JIoEndpoint.java:489)
	at java.lang.Thread.run(Thread.java:745)


====================================
15:34:35 arprast log error :
com.ari.prasetiyo.dao.daoLogin
java.sql.SQLException: Parameter index out of range (3 > number of parameters, which is 2).
	at com.mysql.jdbc.SQLError.createSQLException(SQLError.java:1078)
	at com.mysql.jdbc.SQLError.createSQLException(SQLError.java:989)
	at com.mysql.jdbc.SQLError.createSQLException(SQLError.java:975)
	at com.mysql.jdbc.SQLError.createSQLException(SQLError.java:920)
	at com.mysql.jdbc.PreparedStatement.checkBounds(PreparedStatement.java:3813)
	at com.mysql.jdbc.PreparedStatement.setInternal(PreparedStatement.java:3795)
	at com.mysql.jdbc.PreparedStatement.setString(PreparedStatement.java:4616)
	at com.ari.prasetiyo.dao.daoMasterPelamar.tampilDataPelamar(daoMasterPelamar.java:203)
	at com.ari.prasetiyo.payroll.masterPelamar.kirimDataAjax(masterPelamar.java:273)
	at com.ari.prasetiyo.payroll.masterPelamar.doGet(masterPelamar.java:92)
	at javax.servlet.http.HttpServlet.service(HttpServlet.java:617)
	at javax.servlet.http.HttpServlet.service(HttpServlet.java:717)
	at org.apache.catalina.core.ApplicationFilterChain.internalDoFilter(ApplicationFilterChain.java:290)
	at org.apache.catalina.core.ApplicationFilterChain.doFilter(ApplicationFilterChain.java:206)
	at org.apache.catalina.core.StandardWrapperValve.invoke(StandardWrapperValve.java:233)
	at org.apache.catalina.core.StandardContextValve.invoke(StandardContextValve.java:191)
	at org.apache.catalina.core.StandardHostValve.invoke(StandardHostValve.java:127)
	at org.apache.catalina.valves.ErrorReportValve.invoke(ErrorReportValve.java:102)
	at org.apache.catalina.core.StandardEngineValve.invoke(StandardEngineValve.java:109)
	at org.apache.catalina.connector.CoyoteAdapter.service(CoyoteAdapter.java:298)
	at org.apache.coyote.http11.Http11Processor.process(Http11Processor.java:857)
	at org.apache.coyote.http11.Http11Protocol$Http11ConnectionHandler.process(Http11Protocol.java:588)
	at org.apache.tomcat.util.net.JIoEndpoint$Worker.run(JIoEndpoint.java:489)
	at java.lang.Thread.run(Thread.java:745)


====================================
15:39:00 arprast log error :
com.ari.prasetiyo.dao.daoLogin
java.sql.SQLException: Parameter index out of range (3 > number of parameters, which is 2).
	at com.mysql.jdbc.SQLError.createSQLException(SQLError.java:1078)
	at com.mysql.jdbc.SQLError.createSQLException(SQLError.java:989)
	at com.mysql.jdbc.SQLError.createSQLException(SQLError.java:975)
	at com.mysql.jdbc.SQLError.createSQLException(SQLError.java:920)
	at com.mysql.jdbc.PreparedStatement.checkBounds(PreparedStatement.java:3813)
	at com.mysql.jdbc.PreparedStatement.setInternal(PreparedStatement.java:3795)
	at com.mysql.jdbc.PreparedStatement.setString(PreparedStatement.java:4616)
	at com.ari.prasetiyo.dao.daoMasterPelamar.tampilDataPelamar(daoMasterPelamar.java:203)
	at com.ari.prasetiyo.payroll.masterPelamar.kirimDataAjax(masterPelamar.java:273)
	at com.ari.prasetiyo.payroll.masterPelamar.doGet(masterPelamar.java:92)
	at javax.servlet.http.HttpServlet.service(HttpServlet.java:617)
	at javax.servlet.http.HttpServlet.service(HttpServlet.java:717)
	at org.apache.catalina.core.ApplicationFilterChain.internalDoFilter(ApplicationFilterChain.java:290)
	at org.apache.catalina.core.ApplicationFilterChain.doFilter(ApplicationFilterChain.java:206)
	at org.apache.catalina.core.StandardWrapperValve.invoke(StandardWrapperValve.java:233)
	at org.apache.catalina.core.StandardContextValve.invoke(StandardContextValve.java:191)
	at org.apache.catalina.core.StandardHostValve.invoke(StandardHostValve.java:127)
	at org.apache.catalina.valves.ErrorReportValve.invoke(ErrorReportValve.java:102)
	at org.apache.catalina.core.StandardEngineValve.invoke(StandardEngineValve.java:109)
	at org.apache.catalina.connector.CoyoteAdapter.service(CoyoteAdapter.java:298)
	at org.apache.coyote.http11.Http11Processor.process(Http11Processor.java:857)
	at org.apache.coyote.http11.Http11Protocol$Http11ConnectionHandler.process(Http11Protocol.java:588)
	at org.apache.tomcat.util.net.JIoEndpoint$Worker.run(JIoEndpoint.java:489)
	at java.lang.Thread.run(Thread.java:745)


====================================
15:41:40 arprast log error :
com.ari.prasetiyo.dao.daoLogin
java.sql.SQLException: Parameter index out of range (3 > number of parameters, which is 2).
	at com.mysql.jdbc.SQLError.createSQLException(SQLError.java:1078)
	at com.mysql.jdbc.SQLError.createSQLException(SQLError.java:989)
	at com.mysql.jdbc.SQLError.createSQLException(SQLError.java:975)
	at com.mysql.jdbc.SQLError.createSQLException(SQLError.java:920)
	at com.mysql.jdbc.PreparedStatement.checkBounds(PreparedStatement.java:3813)
	at com.mysql.jdbc.PreparedStatement.setInternal(PreparedStatement.java:3795)
	at com.mysql.jdbc.PreparedStatement.setString(PreparedStatement.java:4616)
	at com.ari.prasetiyo.dao.daoMasterPelamar.tampilDataPelamar(daoMasterPelamar.java:203)
	at com.ari.prasetiyo.payroll.masterPelamar.kirimDataAjax(masterPelamar.java:273)
	at com.ari.prasetiyo.payroll.masterPelamar.doGet(masterPelamar.java:92)
	at javax.servlet.http.HttpServlet.service(HttpServlet.java:617)
	at javax.servlet.http.HttpServlet.service(HttpServlet.java:717)
	at org.apache.catalina.core.ApplicationFilterChain.internalDoFilter(ApplicationFilterChain.java:290)
	at org.apache.catalina.core.ApplicationFilterChain.doFilter(ApplicationFilterChain.java:206)
	at org.apache.catalina.core.StandardWrapperValve.invoke(StandardWrapperValve.java:233)
	at org.apache.catalina.core.StandardContextValve.invoke(StandardContextValve.java:191)
	at org.apache.catalina.core.StandardHostValve.invoke(StandardHostValve.java:127)
	at org.apache.catalina.valves.ErrorReportValve.invoke(ErrorReportValve.java:102)
	at org.apache.catalina.core.StandardEngineValve.invoke(StandardEngineValve.java:109)
	at org.apache.catalina.connector.CoyoteAdapter.service(CoyoteAdapter.java:298)
	at org.apache.coyote.http11.Http11Processor.process(Http11Processor.java:857)
	at org.apache.coyote.http11.Http11Protocol$Http11ConnectionHandler.process(Http11Protocol.java:588)
	at org.apache.tomcat.util.net.JIoEndpoint$Worker.run(JIoEndpoint.java:489)
	at java.lang.Thread.run(Thread.java:745)


====================================
16:05:35 arprast log error :
com.ari.prasetiyo.dao.daoLogin
java.sql.SQLException: Parameter index out of range (3 > number of parameters, which is 2).
	at com.mysql.jdbc.SQLError.createSQLException(SQLError.java:1078)
	at com.mysql.jdbc.SQLError.createSQLException(SQLError.java:989)
	at com.mysql.jdbc.SQLError.createSQLException(SQLError.java:975)
	at com.mysql.jdbc.SQLError.createSQLException(SQLError.java:920)
	at com.mysql.jdbc.PreparedStatement.checkBounds(PreparedStatement.java:3813)
	at com.mysql.jdbc.PreparedStatement.setInternal(PreparedStatement.java:3795)
	at com.mysql.jdbc.PreparedStatement.setString(PreparedStatement.java:4616)
	at com.ari.prasetiyo.dao.daoMasterPelamar.tampilDataPelamar(daoMasterPelamar.java:203)
	at com.ari.prasetiyo.payroll.masterPelamar.kirimDataAjax(masterPelamar.java:273)
	at com.ari.prasetiyo.payroll.masterPelamar.doGet(masterPelamar.java:92)
	at javax.servlet.http.HttpServlet.service(HttpServlet.java:617)
	at javax.servlet.http.HttpServlet.service(HttpServlet.java:717)
	at org.apache.catalina.core.ApplicationFilterChain.internalDoFilter(ApplicationFilterChain.java:290)
	at org.apache.catalina.core.ApplicationFilterChain.doFilter(ApplicationFilterChain.java:206)
	at org.apache.catalina.core.StandardWrapperValve.invoke(StandardWrapperValve.java:233)
	at org.apache.catalina.core.StandardContextValve.invoke(StandardContextValve.java:191)
	at org.apache.catalina.core.StandardHostValve.invoke(StandardHostValve.java:127)
	at org.apache.catalina.valves.ErrorReportValve.invoke(ErrorReportValve.java:102)
	at org.apache.catalina.core.StandardEngineValve.invoke(StandardEngineValve.java:109)
	at org.apache.catalina.connector.CoyoteAdapter.service(CoyoteAdapter.java:298)
	at org.apache.coyote.http11.Http11Processor.process(Http11Processor.java:857)
	at org.apache.coyote.http11.Http11Protocol$Http11ConnectionHandler.process(Http11Protocol.java:588)
	at org.apache.tomcat.util.net.JIoEndpoint$Worker.run(JIoEndpoint.java:489)
	at java.lang.Thread.run(Thread.java:745)


====================================
16:13:45 arprast log error :
com.ari.prasetiyo.dao.daoLogin
java.sql.SQLException: Parameter index out of range (3 > number of parameters, which is 2).
	at com.mysql.jdbc.SQLError.createSQLException(SQLError.java:1078)
	at com.mysql.jdbc.SQLError.createSQLException(SQLError.java:989)
	at com.mysql.jdbc.SQLError.createSQLException(SQLError.java:975)
	at com.mysql.jdbc.SQLError.createSQLException(SQLError.java:920)
	at com.mysql.jdbc.PreparedStatement.checkBounds(PreparedStatement.java:3813)
	at com.mysql.jdbc.PreparedStatement.setInternal(PreparedStatement.java:3795)
	at com.mysql.jdbc.PreparedStatement.setString(PreparedStatement.java:4616)
	at com.ari.prasetiyo.dao.daoMasterPelamar.tampilDataPelamar(daoMasterPelamar.java:203)
	at com.ari.prasetiyo.payroll.masterPelamar.kirimDataAjax(masterPelamar.java:273)
	at com.ari.prasetiyo.payroll.masterPelamar.doGet(masterPelamar.java:92)
	at javax.servlet.http.HttpServlet.service(HttpServlet.java:617)
	at javax.servlet.http.HttpServlet.service(HttpServlet.java:717)
	at org.apache.catalina.core.ApplicationFilterChain.internalDoFilter(ApplicationFilterChain.java:290)
	at org.apache.catalina.core.ApplicationFilterChain.doFilter(ApplicationFilterChain.java:206)
	at org.apache.catalina.core.StandardWrapperValve.invoke(StandardWrapperValve.java:233)
	at org.apache.catalina.core.StandardContextValve.invoke(StandardContextValve.java:191)
	at org.apache.catalina.core.StandardHostValve.invoke(StandardHostValve.java:127)
	at org.apache.catalina.valves.ErrorReportValve.invoke(ErrorReportValve.java:102)
	at org.apache.catalina.core.StandardEngineValve.invoke(StandardEngineValve.java:109)
	at org.apache.catalina.connector.CoyoteAdapter.service(CoyoteAdapter.java:298)
	at org.apache.coyote.http11.Http11Processor.process(Http11Processor.java:857)
	at org.apache.coyote.http11.Http11Protocol$Http11ConnectionHandler.process(Http11Protocol.java:588)
	at org.apache.tomcat.util.net.JIoEndpoint$Worker.run(JIoEndpoint.java:489)
	at java.lang.Thread.run(Thread.java:745)


====================================
16:13:50 arprast log error :
com.ari.prasetiyo.dao.daoLogin
java.sql.SQLException: Parameter index out of range (3 > number of parameters, which is 2).
	at com.mysql.jdbc.SQLError.createSQLException(SQLError.java:1078)
	at com.mysql.jdbc.SQLError.createSQLException(SQLError.java:989)
	at com.mysql.jdbc.SQLError.createSQLException(SQLError.java:975)
	at com.mysql.jdbc.SQLError.createSQLException(SQLError.java:920)
	at com.mysql.jdbc.PreparedStatement.checkBounds(PreparedStatement.java:3813)
	at com.mysql.jdbc.PreparedStatement.setInternal(PreparedStatement.java:3795)
	at com.mysql.jdbc.PreparedStatement.setString(PreparedStatement.java:4616)
	at com.ari.prasetiyo.dao.daoMasterPelamar.tampilDataPelamar(daoMasterPelamar.java:203)
	at com.ari.prasetiyo.payroll.masterPelamar.kirimDataAjax(masterPelamar.java:273)
	at com.ari.prasetiyo.payroll.masterPelamar.doGet(masterPelamar.java:92)
	at javax.servlet.http.HttpServlet.service(HttpServlet.java:617)
	at javax.servlet.http.HttpServlet.service(HttpServlet.java:717)
	at org.apache.catalina.core.ApplicationFilterChain.internalDoFilter(ApplicationFilterChain.java:290)
	at org.apache.catalina.core.ApplicationFilterChain.doFilter(ApplicationFilterChain.java:206)
	at org.apache.catalina.core.StandardWrapperValve.invoke(StandardWrapperValve.java:233)
	at org.apache.catalina.core.StandardContextValve.invoke(StandardContextValve.java:191)
	at org.apache.catalina.core.StandardHostValve.invoke(StandardHostValve.java:127)
	at org.apache.catalina.valves.ErrorReportValve.invoke(ErrorReportValve.java:102)
	at org.apache.catalina.core.StandardEngineValve.invoke(StandardEngineValve.java:109)
	at org.apache.catalina.connector.CoyoteAdapter.service(CoyoteAdapter.java:298)
	at org.apache.coyote.http11.Http11Processor.process(Http11Processor.java:857)
	at org.apache.coyote.http11.Http11Protocol$Http11ConnectionHandler.process(Http11Protocol.java:588)
	at org.apache.tomcat.util.net.JIoEndpoint$Worker.run(JIoEndpoint.java:489)
	at java.lang.Thread.run(Thread.java:745)


====================================
16:15:24 arprast log error :
com.ari.prasetiyo.dao.daoLogin
java.sql.SQLException: Parameter index out of range (3 > number of parameters, which is 2).
	at com.mysql.jdbc.SQLError.createSQLException(SQLError.java:1078)
	at com.mysql.jdbc.SQLError.createSQLException(SQLError.java:989)
	at com.mysql.jdbc.SQLError.createSQLException(SQLError.java:975)
	at com.mysql.jdbc.SQLError.createSQLException(SQLError.java:920)
	at com.mysql.jdbc.PreparedStatement.checkBounds(PreparedStatement.java:3813)
	at com.mysql.jdbc.PreparedStatement.setInternal(PreparedStatement.java:3795)
	at com.mysql.jdbc.PreparedStatement.setString(PreparedStatement.java:4616)
	at com.ari.prasetiyo.dao.daoMasterPelamar.tampilDataPelamar(daoMasterPelamar.java:203)
	at com.ari.prasetiyo.payroll.masterPelamar.kirimDataAjax(masterPelamar.java:273)
	at com.ari.prasetiyo.payroll.masterPelamar.doGet(masterPelamar.java:92)
	at javax.servlet.http.HttpServlet.service(HttpServlet.java:617)
	at javax.servlet.http.HttpServlet.service(HttpServlet.java:717)
	at org.apache.catalina.core.ApplicationFilterChain.internalDoFilter(ApplicationFilterChain.java:290)
	at org.apache.catalina.core.ApplicationFilterChain.doFilter(ApplicationFilterChain.java:206)
	at org.apache.catalina.core.StandardWrapperValve.invoke(StandardWrapperValve.java:233)
	at org.apache.catalina.core.StandardContextValve.invoke(StandardContextValve.java:191)
	at org.apache.catalina.core.StandardHostValve.invoke(StandardHostValve.java:127)
	at org.apache.catalina.valves.ErrorReportValve.invoke(ErrorReportValve.java:102)
	at org.apache.catalina.core.StandardEngineValve.invoke(StandardEngineValve.java:109)
	at org.apache.catalina.connector.CoyoteAdapter.service(CoyoteAdapter.java:298)
	at org.apache.coyote.http11.Http11Processor.process(Http11Processor.java:857)
	at org.apache.coyote.http11.Http11Protocol$Http11ConnectionHandler.process(Http11Protocol.java:588)
	at org.apache.tomcat.util.net.JIoEndpoint$Worker.run(JIoEndpoint.java:489)
	at java.lang.Thread.run(Thread.java:745)


====================================
16:27:22 arprast log error :
com.ari.prasetiyo.dao.daoLogin
java.sql.SQLException: Parameter index out of range (3 > number of parameters, which is 2).
	at com.mysql.jdbc.SQLError.createSQLException(SQLError.java:1078)
	at com.mysql.jdbc.SQLError.createSQLException(SQLError.java:989)
	at com.mysql.jdbc.SQLError.createSQLException(SQLError.java:975)
	at com.mysql.jdbc.SQLError.createSQLException(SQLError.java:920)
	at com.mysql.jdbc.PreparedStatement.checkBounds(PreparedStatement.java:3813)
	at com.mysql.jdbc.PreparedStatement.setInternal(PreparedStatement.java:3795)
	at com.mysql.jdbc.PreparedStatement.setInternal(PreparedStatement.java:3840)
	at com.mysql.jdbc.PreparedStatement.setInt(PreparedStatement.java:3784)
	at com.ari.prasetiyo.dao.daoMasterPelamar.tampilDataPelamar(daoMasterPelamar.java:204)
	at com.ari.prasetiyo.payroll.masterPelamar.kirimDataAjax(masterPelamar.java:273)
	at com.ari.prasetiyo.payroll.masterPelamar.doGet(masterPelamar.java:92)
	at javax.servlet.http.HttpServlet.service(HttpServlet.java:617)
	at javax.servlet.http.HttpServlet.service(HttpServlet.java:717)
	at org.apache.catalina.core.ApplicationFilterChain.internalDoFilter(ApplicationFilterChain.java:290)
	at org.apache.catalina.core.ApplicationFilterChain.doFilter(ApplicationFilterChain.java:206)
	at org.apache.catalina.core.StandardWrapperValve.invoke(StandardWrapperValve.java:233)
	at org.apache.catalina.core.StandardContextValve.invoke(StandardContextValve.java:191)
	at org.apache.catalina.core.StandardHostValve.invoke(StandardHostValve.java:127)
	at org.apache.catalina.valves.ErrorReportValve.invoke(ErrorReportValve.java:102)
	at org.apache.catalina.core.StandardEngineValve.invoke(StandardEngineValve.java:109)
	at org.apache.catalina.connector.CoyoteAdapter.service(CoyoteAdapter.java:298)
	at org.apache.coyote.http11.Http11Processor.process(Http11Processor.java:857)
	at org.apache.coyote.http11.Http11Protocol$Http11ConnectionHandler.process(Http11Protocol.java:588)
	at org.apache.tomcat.util.net.JIoEndpoint$Worker.run(JIoEndpoint.java:489)
	at java.lang.Thread.run(Thread.java:745)


====================================
17:04:54 arprast log error :
com.ari.prasetiyo.dao.daoLogin
java.sql.SQLException: Parameter index out of range (3 > number of parameters, which is 2).
	at com.mysql.jdbc.SQLError.createSQLException(SQLError.java:1078)
	at com.mysql.jdbc.SQLError.createSQLException(SQLError.java:989)
	at com.mysql.jdbc.SQLError.createSQLException(SQLError.java:975)
	at com.mysql.jdbc.SQLError.createSQLException(SQLError.java:920)
	at com.mysql.jdbc.PreparedStatement.checkBounds(PreparedStatement.java:3813)
	at com.mysql.jdbc.PreparedStatement.setInternal(PreparedStatement.java:3795)
	at com.mysql.jdbc.PreparedStatement.setInternal(PreparedStatement.java:3840)
	at com.mysql.jdbc.PreparedStatement.setInt(PreparedStatement.java:3784)
	at com.ari.prasetiyo.dao.daoMasterPelamar.tampilDataPelamar(daoMasterPelamar.java:218)
	at com.ari.prasetiyo.payroll.masterPelamar.kirimDataAjax(masterPelamar.java:273)
	at com.ari.prasetiyo.payroll.masterPelamar.doGet(masterPelamar.java:92)
	at javax.servlet.http.HttpServlet.service(HttpServlet.java:617)
	at javax.servlet.http.HttpServlet.service(HttpServlet.java:717)
	at org.apache.catalina.core.ApplicationFilterChain.internalDoFilter(ApplicationFilterChain.java:290)
	at org.apache.catalina.core.ApplicationFilterChain.doFilter(ApplicationFilterChain.java:206)
	at org.apache.catalina.core.StandardWrapperValve.invoke(StandardWrapperValve.java:233)
	at org.apache.catalina.core.StandardContextValve.invoke(StandardContextValve.java:191)
	at org.apache.catalina.core.StandardHostValve.invoke(StandardHostValve.java:127)
	at org.apache.catalina.valves.ErrorReportValve.invoke(ErrorReportValve.java:102)
	at org.apache.catalina.core.StandardEngineValve.invoke(StandardEngineValve.java:109)
	at org.apache.catalina.connector.CoyoteAdapter.service(CoyoteAdapter.java:298)
	at org.apache.coyote.http11.Http11Processor.process(Http11Processor.java:857)
	at org.apache.coyote.http11.Http11Protocol$Http11ConnectionHandler.process(Http11Protocol.java:588)
	at org.apache.tomcat.util.net.JIoEndpoint$Worker.run(JIoEndpoint.java:489)
	at java.lang.Thread.run(Thread.java:745)


====================================
23:11:56 arprast log error :
com.ari.prasetiyo.dao.daoLogin
java.sql.SQLException: Parameter index out of range (3 > number of parameters, which is 2).
	at com.mysql.jdbc.SQLError.createSQLException(SQLError.java:1078)
	at com.mysql.jdbc.SQLError.createSQLException(SQLError.java:989)
	at com.mysql.jdbc.SQLError.createSQLException(SQLError.java:975)
	at com.mysql.jdbc.SQLError.createSQLException(SQLError.java:920)
	at com.mysql.jdbc.PreparedStatement.checkBounds(PreparedStatement.java:3813)
	at com.mysql.jdbc.PreparedStatement.setInternal(PreparedStatement.java:3795)
	at com.mysql.jdbc.PreparedStatement.setString(PreparedStatement.java:4616)
	at com.ari.prasetiyo.dao.daoMasterPelamar.tampilDataPelamar(daoMasterPelamar.java:195)
	at com.ari.prasetiyo.payroll.masterPelamar.kirimDataAjax(masterPelamar.java:273)
	at com.ari.prasetiyo.payroll.masterPelamar.doGet(masterPelamar.java:92)
	at javax.servlet.http.HttpServlet.service(HttpServlet.java:617)
	at javax.servlet.http.HttpServlet.service(HttpServlet.java:717)
	at org.apache.catalina.core.ApplicationFilterChain.internalDoFilter(ApplicationFilterChain.java:290)
	at org.apache.catalina.core.ApplicationFilterChain.doFilter(ApplicationFilterChain.java:206)
	at org.apache.catalina.core.StandardWrapperValve.invoke(StandardWrapperValve.java:233)
	at org.apache.catalina.core.StandardContextValve.invoke(StandardContextValve.java:191)
	at org.apache.catalina.core.StandardHostValve.invoke(StandardHostValve.java:127)
	at org.apache.catalina.valves.ErrorReportValve.invoke(ErrorReportValve.java:102)
	at org.apache.catalina.core.StandardEngineValve.invoke(StandardEngineValve.java:109)
	at org.apache.catalina.connector.CoyoteAdapter.service(CoyoteAdapter.java:298)
	at org.apache.coyote.http11.Http11Processor.process(Http11Processor.java:857)
	at org.apache.coyote.http11.Http11Protocol$Http11ConnectionHandler.process(Http11Protocol.java:588)
	at org.apache.tomcat.util.net.JIoEndpoint$Worker.run(JIoEndpoint.java:489)
	at java.lang.Thread.run(Thread.java:745)


====================================
23:21:08 arprast log error :
com.ari.prasetiyo.dao.daoLogin
com.mysql.jdbc.exceptions.jdbc4.MySQLSyntaxErrorException: You have an error in your SQL syntax; check the manual that corresponds to your MySQL server version for the right syntax to use near '\'%'MP201530'%\' and nama like \'%''%\' and jabatan like \'%''%\' order by tangg' at line 1
	at sun.reflect.NativeConstructorAccessorImpl.newInstance0(Native Method)
	at sun.reflect.NativeConstructorAccessorImpl.newInstance(NativeConstructorAccessorImpl.java:62)
	at sun.reflect.DelegatingConstructorAccessorImpl.newInstance(DelegatingConstructorAccessorImpl.java:45)
	at java.lang.reflect.Constructor.newInstance(Constructor.java:408)
	at com.mysql.jdbc.Util.handleNewInstance(Util.java:411)
	at com.mysql.jdbc.Util.getInstance(Util.java:386)
	at com.mysql.jdbc.SQLError.createSQLException(SQLError.java:1054)
	at com.mysql.jdbc.MysqlIO.checkErrorPacket(MysqlIO.java:4187)
	at com.mysql.jdbc.MysqlIO.checkErrorPacket(MysqlIO.java:4119)
	at com.mysql.jdbc.MysqlIO.sendCommand(MysqlIO.java:2570)
	at com.mysql.jdbc.MysqlIO.sqlQueryDirect(MysqlIO.java:2731)
	at com.mysql.jdbc.ConnectionImpl.execSQL(ConnectionImpl.java:2815)
	at com.mysql.jdbc.PreparedStatement.executeInternal(PreparedStatement.java:2155)
	at com.mysql.jdbc.PreparedStatement.executeQuery(PreparedStatement.java:2322)
	at com.ari.prasetiyo.dao.daoMasterPelamar.tampilDataPelamar(daoMasterPelamar.java:198)
	at com.ari.prasetiyo.payroll.masterPelamar.kirimDataAjax(masterPelamar.java:273)
	at com.ari.prasetiyo.payroll.masterPelamar.doGet(masterPelamar.java:92)
	at javax.servlet.http.HttpServlet.service(HttpServlet.java:617)
	at javax.servlet.http.HttpServlet.service(HttpServlet.java:717)
	at org.apache.catalina.core.ApplicationFilterChain.internalDoFilter(ApplicationFilterChain.java:290)
	at org.apache.catalina.core.ApplicationFilterChain.doFilter(ApplicationFilterChain.java:206)
	at org.apache.catalina.core.StandardWrapperValve.invoke(StandardWrapperValve.java:233)
	at org.apache.catalina.core.StandardContextValve.invoke(StandardContextValve.java:191)
	at org.apache.catalina.core.StandardHostValve.invoke(StandardHostValve.java:127)
	at org.apache.catalina.valves.ErrorReportValve.invoke(ErrorReportValve.java:102)
	at org.apache.catalina.core.StandardEngineValve.invoke(StandardEngineValve.java:109)
	at org.apache.catalina.connector.CoyoteAdapter.service(CoyoteAdapter.java:298)
	at org.apache.coyote.http11.Http11Processor.process(Http11Processor.java:857)
	at org.apache.coyote.http11.Http11Protocol$Http11ConnectionHandler.process(Http11Protocol.java:588)
	at org.apache.tomcat.util.net.JIoEndpoint$Worker.run(JIoEndpoint.java:489)
	at java.lang.Thread.run(Thread.java:745)


====================================
23:23:53 arprast log error :
com.ari.prasetiyo.dao.daoLogin
java.sql.SQLException: Parameter index out of range (3 > number of parameters, which is 2).
	at com.mysql.jdbc.SQLError.createSQLException(SQLError.java:1078)
	at com.mysql.jdbc.SQLError.createSQLException(SQLError.java:989)
	at com.mysql.jdbc.SQLError.createSQLException(SQLError.java:975)
	at com.mysql.jdbc.SQLError.createSQLException(SQLError.java:920)
	at com.mysql.jdbc.PreparedStatement.checkBounds(PreparedStatement.java:3813)
	at com.mysql.jdbc.PreparedStatement.setInternal(PreparedStatement.java:3795)
	at com.mysql.jdbc.PreparedStatement.setString(PreparedStatement.java:4616)
	at com.ari.prasetiyo.dao.daoMasterPelamar.tampilDataPelamar(daoMasterPelamar.java:195)
	at com.ari.prasetiyo.payroll.masterPelamar.kirimDataAjax(masterPelamar.java:273)
	at com.ari.prasetiyo.payroll.masterPelamar.doGet(masterPelamar.java:92)
	at javax.servlet.http.HttpServlet.service(HttpServlet.java:617)
	at javax.servlet.http.HttpServlet.service(HttpServlet.java:717)
	at org.apache.catalina.core.ApplicationFilterChain.internalDoFilter(ApplicationFilterChain.java:290)
	at org.apache.catalina.core.ApplicationFilterChain.doFilter(ApplicationFilterChain.java:206)
	at org.apache.catalina.core.StandardWrapperValve.invoke(StandardWrapperValve.java:233)
	at org.apache.catalina.core.StandardContextValve.invoke(StandardContextValve.java:191)
	at org.apache.catalina.core.StandardHostValve.invoke(StandardHostValve.java:127)
	at org.apache.catalina.valves.ErrorReportValve.invoke(ErrorReportValve.java:102)
	at org.apache.catalina.core.StandardEngineValve.invoke(StandardEngineValve.java:109)
	at org.apache.catalina.connector.CoyoteAdapter.service(CoyoteAdapter.java:298)
	at org.apache.coyote.http11.Http11Processor.process(Http11Processor.java:857)
	at org.apache.coyote.http11.Http11Protocol$Http11ConnectionHandler.process(Http11Protocol.java:588)
	at org.apache.tomcat.util.net.JIoEndpoint$Worker.run(JIoEndpoint.java:489)
	at java.lang.Thread.run(Thread.java:745)


====================================
