16:40:12 arprast log error :
com.ari.prasetiyo.dao.daoQueryAll
java.sql.SQLException: SQL String can not be NULL
	at com.mysql.jdbc.SQLError.createSQLException(SQLError.java:1078)
	at com.mysql.jdbc.SQLError.createSQLException(SQLError.java:989)
	at com.mysql.jdbc.SQLError.createSQLException(SQLError.java:975)
	at com.mysql.jdbc.SQLError.createSQLException(SQLError.java:920)
	at com.mysql.jdbc.PreparedStatement.<init>(PreparedStatement.java:946)
	at com.mysql.jdbc.JDBC4PreparedStatement.<init>(JDBC4PreparedStatement.java:48)
	at sun.reflect.NativeConstructorAccessorImpl.newInstance0(Native Method)
	at sun.reflect.NativeConstructorAccessorImpl.newInstance(NativeConstructorAccessorImpl.java:62)
	at sun.reflect.DelegatingConstructorAccessorImpl.newInstance(DelegatingConstructorAccessorImpl.java:45)
	at java.lang.reflect.Constructor.newInstance(Constructor.java:408)
	at com.mysql.jdbc.Util.handleNewInstance(Util.java:411)
	at com.mysql.jdbc.PreparedStatement.getInstance(PreparedStatement.java:882)
	at com.mysql.jdbc.ConnectionImpl.clientPrepareStatement(ConnectionImpl.java:1563)
	at com.mysql.jdbc.ConnectionImpl.prepareStatement(ConnectionImpl.java:4578)
	at com.mysql.jdbc.ConnectionImpl.prepareStatement(ConnectionImpl.java:4476)
	at com.ari.prasetiyo.dao.daoQueryAll.jumlahRow(daoQueryAll.java:31)
	at com.ari.prasetiyo.payroll.presensiIZinDanLembur.kirimDataAjax(presensiIZinDanLembur.java:481)
	at com.ari.prasetiyo.payroll.presensiIZinDanLembur.doGet(presensiIZinDanLembur.java:172)
	at javax.servlet.http.HttpServlet.service(HttpServlet.java:617)
	at javax.servlet.http.HttpServlet.service(HttpServlet.java:717)
	at org.apache.catalina.core.ApplicationFilterChain.internalDoFilter(ApplicationFilterChain.java:290)
	at org.apache.catalina.core.ApplicationFilterChain.doFilter(ApplicationFilterChain.java:206)
	at org.apache.catalina.core.StandardWrapperValve.invoke(StandardWrapperValve.java:233)
	at org.apache.catalina.core.StandardContextValve.invoke(StandardContextValve.java:191)
	at org.apache.catalina.core.StandardHostValve.invoke(StandardHostValve.java:127)
	at org.apache.catalina.valves.ErrorReportValve.invoke(ErrorReportValve.java:102)
	at org.apache.catalina.core.StandardEngineValve.invoke(StandardEngineValve.java:109)
	at org.apache.catalina.connector.CoyoteAdapter.service(CoyoteAdapter.java:298)
	at org.apache.coyote.http11.Http11Processor.process(Http11Processor.java:857)
	at org.apache.coyote.http11.Http11Protocol$Http11ConnectionHandler.process(Http11Protocol.java:588)
	at org.apache.tomcat.util.net.JIoEndpoint$Worker.run(JIoEndpoint.java:489)
	at java.lang.Thread.run(Thread.java:745)


====================================
16:40:32 arprast log error :
com.ari.prasetiyo.dao.daoMasterPelamar
java.sql.SQLException: SQL String can not be NULL
	at com.mysql.jdbc.SQLError.createSQLException(SQLError.java:1078)
	at com.mysql.jdbc.SQLError.createSQLException(SQLError.java:989)
	at com.mysql.jdbc.SQLError.createSQLException(SQLError.java:975)
	at com.mysql.jdbc.SQLError.createSQLException(SQLError.java:920)
	at com.mysql.jdbc.PreparedStatement.<init>(PreparedStatement.java:946)
	at com.mysql.jdbc.JDBC4PreparedStatement.<init>(JDBC4PreparedStatement.java:48)
	at sun.reflect.NativeConstructorAccessorImpl.newInstance0(Native Method)
	at sun.reflect.NativeConstructorAccessorImpl.newInstance(NativeConstructorAccessorImpl.java:62)
	at sun.reflect.DelegatingConstructorAccessorImpl.newInstance(DelegatingConstructorAccessorImpl.java:45)
	at java.lang.reflect.Constructor.newInstance(Constructor.java:408)
	at com.mysql.jdbc.Util.handleNewInstance(Util.java:411)
	at com.mysql.jdbc.PreparedStatement.getInstance(PreparedStatement.java:882)
	at com.mysql.jdbc.ConnectionImpl.clientPrepareStatement(ConnectionImpl.java:1563)
	at com.mysql.jdbc.ConnectionImpl.prepareStatement(ConnectionImpl.java:4578)
	at com.mysql.jdbc.ConnectionImpl.prepareStatement(ConnectionImpl.java:4476)
	at com.ari.prasetiyo.dao.daoPresensiIzinDanLembur.tampilDataListPresensi(daoPresensiIzinDanLembur.java:415)
	at com.ari.prasetiyo.payroll.presensiIZinDanLembur.kirimDataAjax(presensiIZinDanLembur.java:489)
	at com.ari.prasetiyo.payroll.presensiIZinDanLembur.doGet(presensiIZinDanLembur.java:172)
	at javax.servlet.http.HttpServlet.service(HttpServlet.java:617)
	at javax.servlet.http.HttpServlet.service(HttpServlet.java:717)
	at org.apache.catalina.core.ApplicationFilterChain.internalDoFilter(ApplicationFilterChain.java:290)
	at org.apache.catalina.core.ApplicationFilterChain.doFilter(ApplicationFilterChain.java:206)
	at org.apache.catalina.core.StandardWrapperValve.invoke(StandardWrapperValve.java:233)
	at org.apache.catalina.core.StandardContextValve.invoke(StandardContextValve.java:191)
	at org.apache.catalina.core.StandardHostValve.invoke(StandardHostValve.java:127)
	at org.apache.catalina.valves.ErrorReportValve.invoke(ErrorReportValve.java:102)
	at org.apache.catalina.core.StandardEngineValve.invoke(StandardEngineValve.java:109)
	at org.apache.catalina.connector.CoyoteAdapter.service(CoyoteAdapter.java:298)
	at org.apache.coyote.http11.Http11Processor.process(Http11Processor.java:857)
	at org.apache.coyote.http11.Http11Protocol$Http11ConnectionHandler.process(Http11Protocol.java:588)
	at org.apache.tomcat.util.net.JIoEndpoint$Worker.run(JIoEndpoint.java:489)
	at java.lang.Thread.run(Thread.java:745)


====================================
16:43:04 arprast log error :
com.ari.prasetiyo.dao.daoQueryAll
java.sql.SQLException: SQL String can not be NULL
	at com.mysql.jdbc.SQLError.createSQLException(SQLError.java:1078)
	at com.mysql.jdbc.SQLError.createSQLException(SQLError.java:989)
	at com.mysql.jdbc.SQLError.createSQLException(SQLError.java:975)
	at com.mysql.jdbc.SQLError.createSQLException(SQLError.java:920)
	at com.mysql.jdbc.PreparedStatement.<init>(PreparedStatement.java:946)
	at com.mysql.jdbc.JDBC4PreparedStatement.<init>(JDBC4PreparedStatement.java:48)
	at sun.reflect.GeneratedConstructorAccessor20.newInstance(Unknown Source)
	at sun.reflect.DelegatingConstructorAccessorImpl.newInstance(DelegatingConstructorAccessorImpl.java:45)
	at java.lang.reflect.Constructor.newInstance(Constructor.java:408)
	at com.mysql.jdbc.Util.handleNewInstance(Util.java:411)
	at com.mysql.jdbc.PreparedStatement.getInstance(PreparedStatement.java:882)
	at com.mysql.jdbc.ConnectionImpl.clientPrepareStatement(ConnectionImpl.java:1563)
	at com.mysql.jdbc.ConnectionImpl.prepareStatement(ConnectionImpl.java:4578)
	at com.mysql.jdbc.ConnectionImpl.prepareStatement(ConnectionImpl.java:4476)
	at com.ari.prasetiyo.dao.daoQueryAll.jumlahRow(daoQueryAll.java:31)
	at com.ari.prasetiyo.payroll.presensiIZinDanLembur.kirimDataAjax(presensiIZinDanLembur.java:481)
	at com.ari.prasetiyo.payroll.presensiIZinDanLembur.doGet(presensiIZinDanLembur.java:172)
	at javax.servlet.http.HttpServlet.service(HttpServlet.java:617)
	at javax.servlet.http.HttpServlet.service(HttpServlet.java:717)
	at org.apache.catalina.core.ApplicationFilterChain.internalDoFilter(ApplicationFilterChain.java:290)
	at org.apache.catalina.core.ApplicationFilterChain.doFilter(ApplicationFilterChain.java:206)
	at org.apache.catalina.core.StandardWrapperValve.invoke(StandardWrapperValve.java:233)
	at org.apache.catalina.core.StandardContextValve.invoke(StandardContextValve.java:191)
	at org.apache.catalina.core.StandardHostValve.invoke(StandardHostValve.java:127)
	at org.apache.catalina.valves.ErrorReportValve.invoke(ErrorReportValve.java:102)
	at org.apache.catalina.core.StandardEngineValve.invoke(StandardEngineValve.java:109)
	at org.apache.catalina.connector.CoyoteAdapter.service(CoyoteAdapter.java:298)
	at org.apache.coyote.http11.Http11Processor.process(Http11Processor.java:857)
	at org.apache.coyote.http11.Http11Protocol$Http11ConnectionHandler.process(Http11Protocol.java:588)
	at org.apache.tomcat.util.net.JIoEndpoint$Worker.run(JIoEndpoint.java:489)
	at java.lang.Thread.run(Thread.java:745)


====================================
16:43:06 arprast log error :
com.ari.prasetiyo.dao.daoMasterPelamar
java.sql.SQLException: SQL String can not be NULL
	at com.mysql.jdbc.SQLError.createSQLException(SQLError.java:1078)
	at com.mysql.jdbc.SQLError.createSQLException(SQLError.java:989)
	at com.mysql.jdbc.SQLError.createSQLException(SQLError.java:975)
	at com.mysql.jdbc.SQLError.createSQLException(SQLError.java:920)
	at com.mysql.jdbc.PreparedStatement.<init>(PreparedStatement.java:946)
	at com.mysql.jdbc.JDBC4PreparedStatement.<init>(JDBC4PreparedStatement.java:48)
	at sun.reflect.GeneratedConstructorAccessor20.newInstance(Unknown Source)
	at sun.reflect.DelegatingConstructorAccessorImpl.newInstance(DelegatingConstructorAccessorImpl.java:45)
	at java.lang.reflect.Constructor.newInstance(Constructor.java:408)
	at com.mysql.jdbc.Util.handleNewInstance(Util.java:411)
	at com.mysql.jdbc.PreparedStatement.getInstance(PreparedStatement.java:882)
	at com.mysql.jdbc.ConnectionImpl.clientPrepareStatement(ConnectionImpl.java:1563)
	at com.mysql.jdbc.ConnectionImpl.prepareStatement(ConnectionImpl.java:4578)
	at com.mysql.jdbc.ConnectionImpl.prepareStatement(ConnectionImpl.java:4476)
	at com.ari.prasetiyo.dao.daoPresensiIzinDanLembur.tampilDataListPresensi(daoPresensiIzinDanLembur.java:415)
	at com.ari.prasetiyo.payroll.presensiIZinDanLembur.kirimDataAjax(presensiIZinDanLembur.java:489)
	at com.ari.prasetiyo.payroll.presensiIZinDanLembur.doGet(presensiIZinDanLembur.java:172)
	at javax.servlet.http.HttpServlet.service(HttpServlet.java:617)
	at javax.servlet.http.HttpServlet.service(HttpServlet.java:717)
	at org.apache.catalina.core.ApplicationFilterChain.internalDoFilter(ApplicationFilterChain.java:290)
	at org.apache.catalina.core.ApplicationFilterChain.doFilter(ApplicationFilterChain.java:206)
	at org.apache.catalina.core.StandardWrapperValve.invoke(StandardWrapperValve.java:233)
	at org.apache.catalina.core.StandardContextValve.invoke(StandardContextValve.java:191)
	at org.apache.catalina.core.StandardHostValve.invoke(StandardHostValve.java:127)
	at org.apache.catalina.valves.ErrorReportValve.invoke(ErrorReportValve.java:102)
	at org.apache.catalina.core.StandardEngineValve.invoke(StandardEngineValve.java:109)
	at org.apache.catalina.connector.CoyoteAdapter.service(CoyoteAdapter.java:298)
	at org.apache.coyote.http11.Http11Processor.process(Http11Processor.java:857)
	at org.apache.coyote.http11.Http11Protocol$Http11ConnectionHandler.process(Http11Protocol.java:588)
	at org.apache.tomcat.util.net.JIoEndpoint$Worker.run(JIoEndpoint.java:489)
	at java.lang.Thread.run(Thread.java:745)


====================================
18:12:53 arprast log error :
com.ari.prasetiyo.dao.daoQueryAll
java.sql.SQLException: Parameter index out of range (5 > number of parameters, which is 4).
	at com.mysql.jdbc.SQLError.createSQLException(SQLError.java:1078)
	at com.mysql.jdbc.SQLError.createSQLException(SQLError.java:989)
	at com.mysql.jdbc.SQLError.createSQLException(SQLError.java:975)
	at com.mysql.jdbc.SQLError.createSQLException(SQLError.java:920)
	at com.mysql.jdbc.PreparedStatement.checkBounds(PreparedStatement.java:3813)
	at com.mysql.jdbc.PreparedStatement.setInternal(PreparedStatement.java:3795)
	at com.mysql.jdbc.PreparedStatement.setString(PreparedStatement.java:4616)
	at com.ari.prasetiyo.dao.daoQueryAll.filterPresensi(daoQueryAll.java:99)
	at com.ari.prasetiyo.dao.daoQueryAll.jumlahRow(daoQueryAll.java:40)
	at com.ari.prasetiyo.payroll.presensiIZinDanLembur.kirimDataAjax(presensiIZinDanLembur.java:492)
	at com.ari.prasetiyo.payroll.presensiIZinDanLembur.doGet(presensiIZinDanLembur.java:172)
	at javax.servlet.http.HttpServlet.service(HttpServlet.java:617)
	at javax.servlet.http.HttpServlet.service(HttpServlet.java:717)
	at org.apache.catalina.core.ApplicationFilterChain.internalDoFilter(ApplicationFilterChain.java:290)
	at org.apache.catalina.core.ApplicationFilterChain.doFilter(ApplicationFilterChain.java:206)
	at org.apache.catalina.core.StandardWrapperValve.invoke(StandardWrapperValve.java:233)
	at org.apache.catalina.core.StandardContextValve.invoke(StandardContextValve.java:191)
	at org.apache.catalina.core.StandardHostValve.invoke(StandardHostValve.java:127)
	at org.apache.catalina.valves.ErrorReportValve.invoke(ErrorReportValve.java:102)
	at org.apache.catalina.core.StandardEngineValve.invoke(StandardEngineValve.java:109)
	at org.apache.catalina.connector.CoyoteAdapter.service(CoyoteAdapter.java:298)
	at org.apache.coyote.http11.Http11Processor.process(Http11Processor.java:857)
	at org.apache.coyote.http11.Http11Protocol$Http11ConnectionHandler.process(Http11Protocol.java:588)
	at org.apache.tomcat.util.net.JIoEndpoint$Worker.run(JIoEndpoint.java:489)
	at java.lang.Thread.run(Thread.java:745)


====================================
18:12:58 arprast log error :
com.ari.prasetiyo.dao.daoMasterPelamar
java.sql.SQLException: Parameter index out of range (7 > number of parameters, which is 6).
	at com.mysql.jdbc.SQLError.createSQLException(SQLError.java:1078)
	at com.mysql.jdbc.SQLError.createSQLException(SQLError.java:989)
	at com.mysql.jdbc.SQLError.createSQLException(SQLError.java:975)
	at com.mysql.jdbc.SQLError.createSQLException(SQLError.java:920)
	at com.mysql.jdbc.PreparedStatement.checkBounds(PreparedStatement.java:3813)
	at com.mysql.jdbc.PreparedStatement.setInternal(PreparedStatement.java:3795)
	at com.mysql.jdbc.PreparedStatement.setString(PreparedStatement.java:4616)
	at com.ari.prasetiyo.dao.daoPresensiIzinDanLembur.tampilDataListPresensi(daoPresensiIzinDanLembur.java:438)
	at com.ari.prasetiyo.payroll.presensiIZinDanLembur.kirimDataAjax(presensiIZinDanLembur.java:500)
	at com.ari.prasetiyo.payroll.presensiIZinDanLembur.doGet(presensiIZinDanLembur.java:172)
	at javax.servlet.http.HttpServlet.service(HttpServlet.java:617)
	at javax.servlet.http.HttpServlet.service(HttpServlet.java:717)
	at org.apache.catalina.core.ApplicationFilterChain.internalDoFilter(ApplicationFilterChain.java:290)
	at org.apache.catalina.core.ApplicationFilterChain.doFilter(ApplicationFilterChain.java:206)
	at org.apache.catalina.core.StandardWrapperValve.invoke(StandardWrapperValve.java:233)
	at org.apache.catalina.core.StandardContextValve.invoke(StandardContextValve.java:191)
	at org.apache.catalina.core.StandardHostValve.invoke(StandardHostValve.java:127)
	at org.apache.catalina.valves.ErrorReportValve.invoke(ErrorReportValve.java:102)
	at org.apache.catalina.core.StandardEngineValve.invoke(StandardEngineValve.java:109)
	at org.apache.catalina.connector.CoyoteAdapter.service(CoyoteAdapter.java:298)
	at org.apache.coyote.http11.Http11Processor.process(Http11Processor.java:857)
	at org.apache.coyote.http11.Http11Protocol$Http11ConnectionHandler.process(Http11Protocol.java:588)
	at org.apache.tomcat.util.net.JIoEndpoint$Worker.run(JIoEndpoint.java:489)
	at java.lang.Thread.run(Thread.java:745)


====================================
18:13:16 arprast log error :
com.ari.prasetiyo.dao.daoQueryAll
java.sql.SQLException: Parameter index out of range (5 > number of parameters, which is 4).
	at com.mysql.jdbc.SQLError.createSQLException(SQLError.java:1078)
	at com.mysql.jdbc.SQLError.createSQLException(SQLError.java:989)
	at com.mysql.jdbc.SQLError.createSQLException(SQLError.java:975)
	at com.mysql.jdbc.SQLError.createSQLException(SQLError.java:920)
	at com.mysql.jdbc.PreparedStatement.checkBounds(PreparedStatement.java:3813)
	at com.mysql.jdbc.PreparedStatement.setInternal(PreparedStatement.java:3795)
	at com.mysql.jdbc.PreparedStatement.setString(PreparedStatement.java:4616)
	at com.ari.prasetiyo.dao.daoQueryAll.filterPresensi(daoQueryAll.java:99)
	at com.ari.prasetiyo.dao.daoQueryAll.jumlahRow(daoQueryAll.java:40)
	at com.ari.prasetiyo.payroll.presensiIZinDanLembur.kirimDataAjax(presensiIZinDanLembur.java:492)
	at com.ari.prasetiyo.payroll.presensiIZinDanLembur.doGet(presensiIZinDanLembur.java:172)
	at javax.servlet.http.HttpServlet.service(HttpServlet.java:617)
	at javax.servlet.http.HttpServlet.service(HttpServlet.java:717)
	at org.apache.catalina.core.ApplicationFilterChain.internalDoFilter(ApplicationFilterChain.java:290)
	at org.apache.catalina.core.ApplicationFilterChain.doFilter(ApplicationFilterChain.java:206)
	at org.apache.catalina.core.StandardWrapperValve.invoke(StandardWrapperValve.java:233)
	at org.apache.catalina.core.StandardContextValve.invoke(StandardContextValve.java:191)
	at org.apache.catalina.core.StandardHostValve.invoke(StandardHostValve.java:127)
	at org.apache.catalina.valves.ErrorReportValve.invoke(ErrorReportValve.java:102)
	at org.apache.catalina.core.StandardEngineValve.invoke(StandardEngineValve.java:109)
	at org.apache.catalina.connector.CoyoteAdapter.service(CoyoteAdapter.java:298)
	at org.apache.coyote.http11.Http11Processor.process(Http11Processor.java:857)
	at org.apache.coyote.http11.Http11Protocol$Http11ConnectionHandler.process(Http11Protocol.java:588)
	at org.apache.tomcat.util.net.JIoEndpoint$Worker.run(JIoEndpoint.java:489)
	at java.lang.Thread.run(Thread.java:745)


====================================
18:13:17 arprast log error :
com.ari.prasetiyo.dao.daoMasterPelamar
java.sql.SQLException: Parameter index out of range (7 > number of parameters, which is 6).
	at com.mysql.jdbc.SQLError.createSQLException(SQLError.java:1078)
	at com.mysql.jdbc.SQLError.createSQLException(SQLError.java:989)
	at com.mysql.jdbc.SQLError.createSQLException(SQLError.java:975)
	at com.mysql.jdbc.SQLError.createSQLException(SQLError.java:920)
	at com.mysql.jdbc.PreparedStatement.checkBounds(PreparedStatement.java:3813)
	at com.mysql.jdbc.PreparedStatement.setInternal(PreparedStatement.java:3795)
	at com.mysql.jdbc.PreparedStatement.setString(PreparedStatement.java:4616)
	at com.ari.prasetiyo.dao.daoPresensiIzinDanLembur.tampilDataListPresensi(daoPresensiIzinDanLembur.java:438)
	at com.ari.prasetiyo.payroll.presensiIZinDanLembur.kirimDataAjax(presensiIZinDanLembur.java:500)
	at com.ari.prasetiyo.payroll.presensiIZinDanLembur.doGet(presensiIZinDanLembur.java:172)
	at javax.servlet.http.HttpServlet.service(HttpServlet.java:617)
	at javax.servlet.http.HttpServlet.service(HttpServlet.java:717)
	at org.apache.catalina.core.ApplicationFilterChain.internalDoFilter(ApplicationFilterChain.java:290)
	at org.apache.catalina.core.ApplicationFilterChain.doFilter(ApplicationFilterChain.java:206)
	at org.apache.catalina.core.StandardWrapperValve.invoke(StandardWrapperValve.java:233)
	at org.apache.catalina.core.StandardContextValve.invoke(StandardContextValve.java:191)
	at org.apache.catalina.core.StandardHostValve.invoke(StandardHostValve.java:127)
	at org.apache.catalina.valves.ErrorReportValve.invoke(ErrorReportValve.java:102)
	at org.apache.catalina.core.StandardEngineValve.invoke(StandardEngineValve.java:109)
	at org.apache.catalina.connector.CoyoteAdapter.service(CoyoteAdapter.java:298)
	at org.apache.coyote.http11.Http11Processor.process(Http11Processor.java:857)
	at org.apache.coyote.http11.Http11Protocol$Http11ConnectionHandler.process(Http11Protocol.java:588)
	at org.apache.tomcat.util.net.JIoEndpoint$Worker.run(JIoEndpoint.java:489)
	at java.lang.Thread.run(Thread.java:745)


====================================
18:13:26 arprast log error :
com.ari.prasetiyo.dao.daoQueryAll
java.sql.SQLException: Parameter index out of range (5 > number of parameters, which is 4).
	at com.mysql.jdbc.SQLError.createSQLException(SQLError.java:1078)
	at com.mysql.jdbc.SQLError.createSQLException(SQLError.java:989)
	at com.mysql.jdbc.SQLError.createSQLException(SQLError.java:975)
	at com.mysql.jdbc.SQLError.createSQLException(SQLError.java:920)
	at com.mysql.jdbc.PreparedStatement.checkBounds(PreparedStatement.java:3813)
	at com.mysql.jdbc.PreparedStatement.setInternal(PreparedStatement.java:3795)
	at com.mysql.jdbc.PreparedStatement.setString(PreparedStatement.java:4616)
	at com.ari.prasetiyo.dao.daoQueryAll.filterPresensi(daoQueryAll.java:99)
	at com.ari.prasetiyo.dao.daoQueryAll.jumlahRow(daoQueryAll.java:40)
	at com.ari.prasetiyo.payroll.presensiIZinDanLembur.kirimDataAjax(presensiIZinDanLembur.java:492)
	at com.ari.prasetiyo.payroll.presensiIZinDanLembur.doGet(presensiIZinDanLembur.java:172)
	at javax.servlet.http.HttpServlet.service(HttpServlet.java:617)
	at javax.servlet.http.HttpServlet.service(HttpServlet.java:717)
	at org.apache.catalina.core.ApplicationFilterChain.internalDoFilter(ApplicationFilterChain.java:290)
	at org.apache.catalina.core.ApplicationFilterChain.doFilter(ApplicationFilterChain.java:206)
	at org.apache.catalina.core.StandardWrapperValve.invoke(StandardWrapperValve.java:233)
	at org.apache.catalina.core.StandardContextValve.invoke(StandardContextValve.java:191)
	at org.apache.catalina.core.StandardHostValve.invoke(StandardHostValve.java:127)
	at org.apache.catalina.valves.ErrorReportValve.invoke(ErrorReportValve.java:102)
	at org.apache.catalina.core.StandardEngineValve.invoke(StandardEngineValve.java:109)
	at org.apache.catalina.connector.CoyoteAdapter.service(CoyoteAdapter.java:298)
	at org.apache.coyote.http11.Http11Processor.process(Http11Processor.java:857)
	at org.apache.coyote.http11.Http11Protocol$Http11ConnectionHandler.process(Http11Protocol.java:588)
	at org.apache.tomcat.util.net.JIoEndpoint$Worker.run(JIoEndpoint.java:489)
	at java.lang.Thread.run(Thread.java:745)


====================================
18:13:27 arprast log error :
com.ari.prasetiyo.dao.daoMasterPelamar
java.sql.SQLException: Parameter index out of range (7 > number of parameters, which is 6).
	at com.mysql.jdbc.SQLError.createSQLException(SQLError.java:1078)
	at com.mysql.jdbc.SQLError.createSQLException(SQLError.java:989)
	at com.mysql.jdbc.SQLError.createSQLException(SQLError.java:975)
	at com.mysql.jdbc.SQLError.createSQLException(SQLError.java:920)
	at com.mysql.jdbc.PreparedStatement.checkBounds(PreparedStatement.java:3813)
	at com.mysql.jdbc.PreparedStatement.setInternal(PreparedStatement.java:3795)
	at com.mysql.jdbc.PreparedStatement.setString(PreparedStatement.java:4616)
	at com.ari.prasetiyo.dao.daoPresensiIzinDanLembur.tampilDataListPresensi(daoPresensiIzinDanLembur.java:438)
	at com.ari.prasetiyo.payroll.presensiIZinDanLembur.kirimDataAjax(presensiIZinDanLembur.java:500)
	at com.ari.prasetiyo.payroll.presensiIZinDanLembur.doGet(presensiIZinDanLembur.java:172)
	at javax.servlet.http.HttpServlet.service(HttpServlet.java:617)
	at javax.servlet.http.HttpServlet.service(HttpServlet.java:717)
	at org.apache.catalina.core.ApplicationFilterChain.internalDoFilter(ApplicationFilterChain.java:290)
	at org.apache.catalina.core.ApplicationFilterChain.doFilter(ApplicationFilterChain.java:206)
	at org.apache.catalina.core.StandardWrapperValve.invoke(StandardWrapperValve.java:233)
	at org.apache.catalina.core.StandardContextValve.invoke(StandardContextValve.java:191)
	at org.apache.catalina.core.StandardHostValve.invoke(StandardHostValve.java:127)
	at org.apache.catalina.valves.ErrorReportValve.invoke(ErrorReportValve.java:102)
	at org.apache.catalina.core.StandardEngineValve.invoke(StandardEngineValve.java:109)
	at org.apache.catalina.connector.CoyoteAdapter.service(CoyoteAdapter.java:298)
	at org.apache.coyote.http11.Http11Processor.process(Http11Processor.java:857)
	at org.apache.coyote.http11.Http11Protocol$Http11ConnectionHandler.process(Http11Protocol.java:588)
	at org.apache.tomcat.util.net.JIoEndpoint$Worker.run(JIoEndpoint.java:489)
	at java.lang.Thread.run(Thread.java:745)


====================================
18:13:34 arprast log error :
com.ari.prasetiyo.dao.daoQueryAll
java.sql.SQLException: Parameter index out of range (5 > number of parameters, which is 4).
	at com.mysql.jdbc.SQLError.createSQLException(SQLError.java:1078)
	at com.mysql.jdbc.SQLError.createSQLException(SQLError.java:989)
	at com.mysql.jdbc.SQLError.createSQLException(SQLError.java:975)
	at com.mysql.jdbc.SQLError.createSQLException(SQLError.java:920)
	at com.mysql.jdbc.PreparedStatement.checkBounds(PreparedStatement.java:3813)
	at com.mysql.jdbc.PreparedStatement.setInternal(PreparedStatement.java:3795)
	at com.mysql.jdbc.PreparedStatement.setString(PreparedStatement.java:4616)
	at com.ari.prasetiyo.dao.daoQueryAll.filterPresensi(daoQueryAll.java:99)
	at com.ari.prasetiyo.dao.daoQueryAll.jumlahRow(daoQueryAll.java:40)
	at com.ari.prasetiyo.payroll.presensiIZinDanLembur.kirimDataAjax(presensiIZinDanLembur.java:492)
	at com.ari.prasetiyo.payroll.presensiIZinDanLembur.doGet(presensiIZinDanLembur.java:172)
	at javax.servlet.http.HttpServlet.service(HttpServlet.java:617)
	at javax.servlet.http.HttpServlet.service(HttpServlet.java:717)
	at org.apache.catalina.core.ApplicationFilterChain.internalDoFilter(ApplicationFilterChain.java:290)
	at org.apache.catalina.core.ApplicationFilterChain.doFilter(ApplicationFilterChain.java:206)
	at org.apache.catalina.core.StandardWrapperValve.invoke(StandardWrapperValve.java:233)
	at org.apache.catalina.core.StandardContextValve.invoke(StandardContextValve.java:191)
	at org.apache.catalina.core.StandardHostValve.invoke(StandardHostValve.java:127)
	at org.apache.catalina.valves.ErrorReportValve.invoke(ErrorReportValve.java:102)
	at org.apache.catalina.core.StandardEngineValve.invoke(StandardEngineValve.java:109)
	at org.apache.catalina.connector.CoyoteAdapter.service(CoyoteAdapter.java:298)
	at org.apache.coyote.http11.Http11Processor.process(Http11Processor.java:857)
	at org.apache.coyote.http11.Http11Protocol$Http11ConnectionHandler.process(Http11Protocol.java:588)
	at org.apache.tomcat.util.net.JIoEndpoint$Worker.run(JIoEndpoint.java:489)
	at java.lang.Thread.run(Thread.java:745)


====================================
18:13:35 arprast log error :
com.ari.prasetiyo.dao.daoMasterPelamar
java.sql.SQLException: Parameter index out of range (7 > number of parameters, which is 6).
	at com.mysql.jdbc.SQLError.createSQLException(SQLError.java:1078)
	at com.mysql.jdbc.SQLError.createSQLException(SQLError.java:989)
	at com.mysql.jdbc.SQLError.createSQLException(SQLError.java:975)
	at com.mysql.jdbc.SQLError.createSQLException(SQLError.java:920)
	at com.mysql.jdbc.PreparedStatement.checkBounds(PreparedStatement.java:3813)
	at com.mysql.jdbc.PreparedStatement.setInternal(PreparedStatement.java:3795)
	at com.mysql.jdbc.PreparedStatement.setString(PreparedStatement.java:4616)
	at com.ari.prasetiyo.dao.daoPresensiIzinDanLembur.tampilDataListPresensi(daoPresensiIzinDanLembur.java:438)
	at com.ari.prasetiyo.payroll.presensiIZinDanLembur.kirimDataAjax(presensiIZinDanLembur.java:500)
	at com.ari.prasetiyo.payroll.presensiIZinDanLembur.doGet(presensiIZinDanLembur.java:172)
	at javax.servlet.http.HttpServlet.service(HttpServlet.java:617)
	at javax.servlet.http.HttpServlet.service(HttpServlet.java:717)
	at org.apache.catalina.core.ApplicationFilterChain.internalDoFilter(ApplicationFilterChain.java:290)
	at org.apache.catalina.core.ApplicationFilterChain.doFilter(ApplicationFilterChain.java:206)
	at org.apache.catalina.core.StandardWrapperValve.invoke(StandardWrapperValve.java:233)
	at org.apache.catalina.core.StandardContextValve.invoke(StandardContextValve.java:191)
	at org.apache.catalina.core.StandardHostValve.invoke(StandardHostValve.java:127)
	at org.apache.catalina.valves.ErrorReportValve.invoke(ErrorReportValve.java:102)
	at org.apache.catalina.core.StandardEngineValve.invoke(StandardEngineValve.java:109)
	at org.apache.catalina.connector.CoyoteAdapter.service(CoyoteAdapter.java:298)
	at org.apache.coyote.http11.Http11Processor.process(Http11Processor.java:857)
	at org.apache.coyote.http11.Http11Protocol$Http11ConnectionHandler.process(Http11Protocol.java:588)
	at org.apache.tomcat.util.net.JIoEndpoint$Worker.run(JIoEndpoint.java:489)
	at java.lang.Thread.run(Thread.java:745)


====================================
18:22:39 arprast log error :
com.ari.prasetiyo.dao.daoQueryAll
java.sql.SQLException: Parameter index out of range (5 > number of parameters, which is 4).
	at com.mysql.jdbc.SQLError.createSQLException(SQLError.java:1078)
	at com.mysql.jdbc.SQLError.createSQLException(SQLError.java:989)
	at com.mysql.jdbc.SQLError.createSQLException(SQLError.java:975)
	at com.mysql.jdbc.SQLError.createSQLException(SQLError.java:920)
	at com.mysql.jdbc.PreparedStatement.checkBounds(PreparedStatement.java:3813)
	at com.mysql.jdbc.PreparedStatement.setInternal(PreparedStatement.java:3795)
	at com.mysql.jdbc.PreparedStatement.setString(PreparedStatement.java:4616)
	at com.ari.prasetiyo.dao.daoQueryAll.filterPresensi(daoQueryAll.java:99)
	at com.ari.prasetiyo.dao.daoQueryAll.jumlahRow(daoQueryAll.java:40)
	at com.ari.prasetiyo.payroll.presensiIZinDanLembur.kirimDataAjax(presensiIZinDanLembur.java:493)
	at com.ari.prasetiyo.payroll.presensiIZinDanLembur.doGet(presensiIZinDanLembur.java:172)
	at javax.servlet.http.HttpServlet.service(HttpServlet.java:617)
	at javax.servlet.http.HttpServlet.service(HttpServlet.java:717)
	at org.apache.catalina.core.ApplicationFilterChain.internalDoFilter(ApplicationFilterChain.java:290)
	at org.apache.catalina.core.ApplicationFilterChain.doFilter(ApplicationFilterChain.java:206)
	at org.apache.catalina.core.StandardWrapperValve.invoke(StandardWrapperValve.java:233)
	at org.apache.catalina.core.StandardContextValve.invoke(StandardContextValve.java:191)
	at org.apache.catalina.core.StandardHostValve.invoke(StandardHostValve.java:127)
	at org.apache.catalina.valves.ErrorReportValve.invoke(ErrorReportValve.java:102)
	at org.apache.catalina.core.StandardEngineValve.invoke(StandardEngineValve.java:109)
	at org.apache.catalina.connector.CoyoteAdapter.service(CoyoteAdapter.java:298)
	at org.apache.coyote.http11.Http11Processor.process(Http11Processor.java:857)
	at org.apache.coyote.http11.Http11Protocol$Http11ConnectionHandler.process(Http11Protocol.java:588)
	at org.apache.tomcat.util.net.JIoEndpoint$Worker.run(JIoEndpoint.java:489)
	at java.lang.Thread.run(Thread.java:745)


====================================
18:22:46 arprast log error :
com.ari.prasetiyo.dao.daoMasterPelamar
java.sql.SQLException: Parameter index out of range (7 > number of parameters, which is 6).
	at com.mysql.jdbc.SQLError.createSQLException(SQLError.java:1078)
	at com.mysql.jdbc.SQLError.createSQLException(SQLError.java:989)
	at com.mysql.jdbc.SQLError.createSQLException(SQLError.java:975)
	at com.mysql.jdbc.SQLError.createSQLException(SQLError.java:920)
	at com.mysql.jdbc.PreparedStatement.checkBounds(PreparedStatement.java:3813)
	at com.mysql.jdbc.PreparedStatement.setInternal(PreparedStatement.java:3795)
	at com.mysql.jdbc.PreparedStatement.setString(PreparedStatement.java:4616)
	at com.ari.prasetiyo.dao.daoPresensiIzinDanLembur.tampilDataListPresensi(daoPresensiIzinDanLembur.java:438)
	at com.ari.prasetiyo.payroll.presensiIZinDanLembur.kirimDataAjax(presensiIZinDanLembur.java:501)
	at com.ari.prasetiyo.payroll.presensiIZinDanLembur.doGet(presensiIZinDanLembur.java:172)
	at javax.servlet.http.HttpServlet.service(HttpServlet.java:617)
	at javax.servlet.http.HttpServlet.service(HttpServlet.java:717)
	at org.apache.catalina.core.ApplicationFilterChain.internalDoFilter(ApplicationFilterChain.java:290)
	at org.apache.catalina.core.ApplicationFilterChain.doFilter(ApplicationFilterChain.java:206)
	at org.apache.catalina.core.StandardWrapperValve.invoke(StandardWrapperValve.java:233)
	at org.apache.catalina.core.StandardContextValve.invoke(StandardContextValve.java:191)
	at org.apache.catalina.core.StandardHostValve.invoke(StandardHostValve.java:127)
	at org.apache.catalina.valves.ErrorReportValve.invoke(ErrorReportValve.java:102)
	at org.apache.catalina.core.StandardEngineValve.invoke(StandardEngineValve.java:109)
	at org.apache.catalina.connector.CoyoteAdapter.service(CoyoteAdapter.java:298)
	at org.apache.coyote.http11.Http11Processor.process(Http11Processor.java:857)
	at org.apache.coyote.http11.Http11Protocol$Http11ConnectionHandler.process(Http11Protocol.java:588)
	at org.apache.tomcat.util.net.JIoEndpoint$Worker.run(JIoEndpoint.java:489)
	at java.lang.Thread.run(Thread.java:745)


====================================
18:23:22 arprast log error :
com.ari.prasetiyo.dao.daoQueryAll
java.sql.SQLException: Parameter index out of range (5 > number of parameters, which is 4).
	at com.mysql.jdbc.SQLError.createSQLException(SQLError.java:1078)
	at com.mysql.jdbc.SQLError.createSQLException(SQLError.java:989)
	at com.mysql.jdbc.SQLError.createSQLException(SQLError.java:975)
	at com.mysql.jdbc.SQLError.createSQLException(SQLError.java:920)
	at com.mysql.jdbc.PreparedStatement.checkBounds(PreparedStatement.java:3813)
	at com.mysql.jdbc.PreparedStatement.setInternal(PreparedStatement.java:3795)
	at com.mysql.jdbc.PreparedStatement.setString(PreparedStatement.java:4616)
	at com.ari.prasetiyo.dao.daoQueryAll.filterPresensi(daoQueryAll.java:99)
	at com.ari.prasetiyo.dao.daoQueryAll.jumlahRow(daoQueryAll.java:40)
	at com.ari.prasetiyo.payroll.presensiIZinDanLembur.kirimDataAjax(presensiIZinDanLembur.java:493)
	at com.ari.prasetiyo.payroll.presensiIZinDanLembur.doGet(presensiIZinDanLembur.java:172)
	at javax.servlet.http.HttpServlet.service(HttpServlet.java:617)
	at javax.servlet.http.HttpServlet.service(HttpServlet.java:717)
	at org.apache.catalina.core.ApplicationFilterChain.internalDoFilter(ApplicationFilterChain.java:290)
	at org.apache.catalina.core.ApplicationFilterChain.doFilter(ApplicationFilterChain.java:206)
	at org.apache.catalina.core.StandardWrapperValve.invoke(StandardWrapperValve.java:233)
	at org.apache.catalina.core.StandardContextValve.invoke(StandardContextValve.java:191)
	at org.apache.catalina.core.StandardHostValve.invoke(StandardHostValve.java:127)
	at org.apache.catalina.valves.ErrorReportValve.invoke(ErrorReportValve.java:102)
	at org.apache.catalina.core.StandardEngineValve.invoke(StandardEngineValve.java:109)
	at org.apache.catalina.connector.CoyoteAdapter.service(CoyoteAdapter.java:298)
	at org.apache.coyote.http11.Http11Processor.process(Http11Processor.java:857)
	at org.apache.coyote.http11.Http11Protocol$Http11ConnectionHandler.process(Http11Protocol.java:588)
	at org.apache.tomcat.util.net.JIoEndpoint$Worker.run(JIoEndpoint.java:489)
	at java.lang.Thread.run(Thread.java:745)


====================================
18:23:22 arprast log error :
com.ari.prasetiyo.dao.daoMasterPelamar
java.sql.SQLException: Parameter index out of range (7 > number of parameters, which is 6).
	at com.mysql.jdbc.SQLError.createSQLException(SQLError.java:1078)
	at com.mysql.jdbc.SQLError.createSQLException(SQLError.java:989)
	at com.mysql.jdbc.SQLError.createSQLException(SQLError.java:975)
	at com.mysql.jdbc.SQLError.createSQLException(SQLError.java:920)
	at com.mysql.jdbc.PreparedStatement.checkBounds(PreparedStatement.java:3813)
	at com.mysql.jdbc.PreparedStatement.setInternal(PreparedStatement.java:3795)
	at com.mysql.jdbc.PreparedStatement.setString(PreparedStatement.java:4616)
	at com.ari.prasetiyo.dao.daoPresensiIzinDanLembur.tampilDataListPresensi(daoPresensiIzinDanLembur.java:438)
	at com.ari.prasetiyo.payroll.presensiIZinDanLembur.kirimDataAjax(presensiIZinDanLembur.java:501)
	at com.ari.prasetiyo.payroll.presensiIZinDanLembur.doGet(presensiIZinDanLembur.java:172)
	at javax.servlet.http.HttpServlet.service(HttpServlet.java:617)
	at javax.servlet.http.HttpServlet.service(HttpServlet.java:717)
	at org.apache.catalina.core.ApplicationFilterChain.internalDoFilter(ApplicationFilterChain.java:290)
	at org.apache.catalina.core.ApplicationFilterChain.doFilter(ApplicationFilterChain.java:206)
	at org.apache.catalina.core.StandardWrapperValve.invoke(StandardWrapperValve.java:233)
	at org.apache.catalina.core.StandardContextValve.invoke(StandardContextValve.java:191)
	at org.apache.catalina.core.StandardHostValve.invoke(StandardHostValve.java:127)
	at org.apache.catalina.valves.ErrorReportValve.invoke(ErrorReportValve.java:102)
	at org.apache.catalina.core.StandardEngineValve.invoke(StandardEngineValve.java:109)
	at org.apache.catalina.connector.CoyoteAdapter.service(CoyoteAdapter.java:298)
	at org.apache.coyote.http11.Http11Processor.process(Http11Processor.java:857)
	at org.apache.coyote.http11.Http11Protocol$Http11ConnectionHandler.process(Http11Protocol.java:588)
	at org.apache.tomcat.util.net.JIoEndpoint$Worker.run(JIoEndpoint.java:489)
	at java.lang.Thread.run(Thread.java:745)


====================================
18:24:50 arprast log error :
com.ari.prasetiyo.dao.daoQueryAll
java.sql.SQLException: Parameter index out of range (5 > number of parameters, which is 4).
	at com.mysql.jdbc.SQLError.createSQLException(SQLError.java:1078)
	at com.mysql.jdbc.SQLError.createSQLException(SQLError.java:989)
	at com.mysql.jdbc.SQLError.createSQLException(SQLError.java:975)
	at com.mysql.jdbc.SQLError.createSQLException(SQLError.java:920)
	at com.mysql.jdbc.PreparedStatement.checkBounds(PreparedStatement.java:3813)
	at com.mysql.jdbc.PreparedStatement.setInternal(PreparedStatement.java:3795)
	at com.mysql.jdbc.PreparedStatement.setString(PreparedStatement.java:4616)
	at com.ari.prasetiyo.dao.daoQueryAll.filterPresensi(daoQueryAll.java:99)
	at com.ari.prasetiyo.dao.daoQueryAll.jumlahRow(daoQueryAll.java:40)
	at com.ari.prasetiyo.payroll.presensiIZinDanLembur.kirimDataAjax(presensiIZinDanLembur.java:493)
	at com.ari.prasetiyo.payroll.presensiIZinDanLembur.doGet(presensiIZinDanLembur.java:172)
	at javax.servlet.http.HttpServlet.service(HttpServlet.java:617)
	at javax.servlet.http.HttpServlet.service(HttpServlet.java:717)
	at org.apache.catalina.core.ApplicationFilterChain.internalDoFilter(ApplicationFilterChain.java:290)
	at org.apache.catalina.core.ApplicationFilterChain.doFilter(ApplicationFilterChain.java:206)
	at org.apache.catalina.core.StandardWrapperValve.invoke(StandardWrapperValve.java:233)
	at org.apache.catalina.core.StandardContextValve.invoke(StandardContextValve.java:191)
	at org.apache.catalina.core.StandardHostValve.invoke(StandardHostValve.java:127)
	at org.apache.catalina.valves.ErrorReportValve.invoke(ErrorReportValve.java:102)
	at org.apache.catalina.core.StandardEngineValve.invoke(StandardEngineValve.java:109)
	at org.apache.catalina.connector.CoyoteAdapter.service(CoyoteAdapter.java:298)
	at org.apache.coyote.http11.Http11Processor.process(Http11Processor.java:857)
	at org.apache.coyote.http11.Http11Protocol$Http11ConnectionHandler.process(Http11Protocol.java:588)
	at org.apache.tomcat.util.net.JIoEndpoint$Worker.run(JIoEndpoint.java:489)
	at java.lang.Thread.run(Thread.java:745)


====================================
18:24:52 arprast log error :
com.ari.prasetiyo.dao.daoMasterPelamar
java.sql.SQLException: Parameter index out of range (7 > number of parameters, which is 6).
	at com.mysql.jdbc.SQLError.createSQLException(SQLError.java:1078)
	at com.mysql.jdbc.SQLError.createSQLException(SQLError.java:989)
	at com.mysql.jdbc.SQLError.createSQLException(SQLError.java:975)
	at com.mysql.jdbc.SQLError.createSQLException(SQLError.java:920)
	at com.mysql.jdbc.PreparedStatement.checkBounds(PreparedStatement.java:3813)
	at com.mysql.jdbc.PreparedStatement.setInternal(PreparedStatement.java:3795)
	at com.mysql.jdbc.PreparedStatement.setString(PreparedStatement.java:4616)
	at com.ari.prasetiyo.dao.daoPresensiIzinDanLembur.tampilDataListPresensi(daoPresensiIzinDanLembur.java:438)
	at com.ari.prasetiyo.payroll.presensiIZinDanLembur.kirimDataAjax(presensiIZinDanLembur.java:501)
	at com.ari.prasetiyo.payroll.presensiIZinDanLembur.doGet(presensiIZinDanLembur.java:172)
	at javax.servlet.http.HttpServlet.service(HttpServlet.java:617)
	at javax.servlet.http.HttpServlet.service(HttpServlet.java:717)
	at org.apache.catalina.core.ApplicationFilterChain.internalDoFilter(ApplicationFilterChain.java:290)
	at org.apache.catalina.core.ApplicationFilterChain.doFilter(ApplicationFilterChain.java:206)
	at org.apache.catalina.core.StandardWrapperValve.invoke(StandardWrapperValve.java:233)
	at org.apache.catalina.core.StandardContextValve.invoke(StandardContextValve.java:191)
	at org.apache.catalina.core.StandardHostValve.invoke(StandardHostValve.java:127)
	at org.apache.catalina.valves.ErrorReportValve.invoke(ErrorReportValve.java:102)
	at org.apache.catalina.core.StandardEngineValve.invoke(StandardEngineValve.java:109)
	at org.apache.catalina.connector.CoyoteAdapter.service(CoyoteAdapter.java:298)
	at org.apache.coyote.http11.Http11Processor.process(Http11Processor.java:857)
	at org.apache.coyote.http11.Http11Protocol$Http11ConnectionHandler.process(Http11Protocol.java:588)
	at org.apache.tomcat.util.net.JIoEndpoint$Worker.run(JIoEndpoint.java:489)
	at java.lang.Thread.run(Thread.java:745)


====================================
20:01:57 arprast log error :
com.ari.prasetiyo.dao.daoMasterPelamar
java.sql.SQLException: Column 'ket' not found.
	at com.mysql.jdbc.SQLError.createSQLException(SQLError.java:1078)
	at com.mysql.jdbc.SQLError.createSQLException(SQLError.java:989)
	at com.mysql.jdbc.SQLError.createSQLException(SQLError.java:975)
	at com.mysql.jdbc.SQLError.createSQLException(SQLError.java:920)
	at com.mysql.jdbc.ResultSetImpl.findColumn(ResultSetImpl.java:1167)
	at com.mysql.jdbc.ResultSetImpl.getString(ResultSetImpl.java:5733)
	at com.ari.prasetiyo.dao.daoPresensiIzinDanLembur.konversiResultSetList(daoPresensiIzinDanLembur.java:508)
	at com.ari.prasetiyo.dao.daoPresensiIzinDanLembur.tampilDataListPresensi(daoPresensiIzinDanLembur.java:484)
	at com.ari.prasetiyo.payroll.presensiIZinDanLembur.kirimDataAjax(presensiIZinDanLembur.java:506)
	at com.ari.prasetiyo.payroll.presensiIZinDanLembur.doGet(presensiIZinDanLembur.java:172)
	at javax.servlet.http.HttpServlet.service(HttpServlet.java:617)
	at javax.servlet.http.HttpServlet.service(HttpServlet.java:717)
	at org.apache.catalina.core.ApplicationFilterChain.internalDoFilter(ApplicationFilterChain.java:290)
	at org.apache.catalina.core.ApplicationFilterChain.doFilter(ApplicationFilterChain.java:206)
	at org.apache.catalina.core.StandardWrapperValve.invoke(StandardWrapperValve.java:233)
	at org.apache.catalina.core.StandardContextValve.invoke(StandardContextValve.java:191)
	at org.apache.catalina.core.StandardHostValve.invoke(StandardHostValve.java:127)
	at org.apache.catalina.valves.ErrorReportValve.invoke(ErrorReportValve.java:102)
	at org.apache.catalina.core.StandardEngineValve.invoke(StandardEngineValve.java:109)
	at org.apache.catalina.connector.CoyoteAdapter.service(CoyoteAdapter.java:298)
	at org.apache.coyote.http11.Http11Processor.process(Http11Processor.java:857)
	at org.apache.coyote.http11.Http11Protocol$Http11ConnectionHandler.process(Http11Protocol.java:588)
	at org.apache.tomcat.util.net.JIoEndpoint$Worker.run(JIoEndpoint.java:489)
	at java.lang.Thread.run(Thread.java:745)


====================================
20:02:03 arprast log error :
com.ari.prasetiyo.dao.daoMasterPelamar
java.sql.SQLException: Column 'ket' not found.
	at com.mysql.jdbc.SQLError.createSQLException(SQLError.java:1078)
	at com.mysql.jdbc.SQLError.createSQLException(SQLError.java:989)
	at com.mysql.jdbc.SQLError.createSQLException(SQLError.java:975)
	at com.mysql.jdbc.SQLError.createSQLException(SQLError.java:920)
	at com.mysql.jdbc.ResultSetImpl.findColumn(ResultSetImpl.java:1167)
	at com.mysql.jdbc.ResultSetImpl.getString(ResultSetImpl.java:5733)
	at com.ari.prasetiyo.dao.daoPresensiIzinDanLembur.konversiResultSetList(daoPresensiIzinDanLembur.java:508)
	at com.ari.prasetiyo.dao.daoPresensiIzinDanLembur.tampilDataListPresensi(daoPresensiIzinDanLembur.java:484)
	at com.ari.prasetiyo.payroll.presensiIZinDanLembur.kirimDataAjax(presensiIZinDanLembur.java:506)
	at com.ari.prasetiyo.payroll.presensiIZinDanLembur.doGet(presensiIZinDanLembur.java:172)
	at javax.servlet.http.HttpServlet.service(HttpServlet.java:617)
	at javax.servlet.http.HttpServlet.service(HttpServlet.java:717)
	at org.apache.catalina.core.ApplicationFilterChain.internalDoFilter(ApplicationFilterChain.java:290)
	at org.apache.catalina.core.ApplicationFilterChain.doFilter(ApplicationFilterChain.java:206)
	at org.apache.catalina.core.StandardWrapperValve.invoke(StandardWrapperValve.java:233)
	at org.apache.catalina.core.StandardContextValve.invoke(StandardContextValve.java:191)
	at org.apache.catalina.core.StandardHostValve.invoke(StandardHostValve.java:127)
	at org.apache.catalina.valves.ErrorReportValve.invoke(ErrorReportValve.java:102)
	at org.apache.catalina.core.StandardEngineValve.invoke(StandardEngineValve.java:109)
	at org.apache.catalina.connector.CoyoteAdapter.service(CoyoteAdapter.java:298)
	at org.apache.coyote.http11.Http11Processor.process(Http11Processor.java:857)
	at org.apache.coyote.http11.Http11Protocol$Http11ConnectionHandler.process(Http11Protocol.java:588)
	at org.apache.tomcat.util.net.JIoEndpoint$Worker.run(JIoEndpoint.java:489)
	at java.lang.Thread.run(Thread.java:745)


====================================
20:02:04 arprast log error :
com.ari.prasetiyo.dao.daoMasterPelamar
java.sql.SQLException: Column 'ket' not found.
	at com.mysql.jdbc.SQLError.createSQLException(SQLError.java:1078)
	at com.mysql.jdbc.SQLError.createSQLException(SQLError.java:989)
	at com.mysql.jdbc.SQLError.createSQLException(SQLError.java:975)
	at com.mysql.jdbc.SQLError.createSQLException(SQLError.java:920)
	at com.mysql.jdbc.ResultSetImpl.findColumn(ResultSetImpl.java:1167)
	at com.mysql.jdbc.ResultSetImpl.getString(ResultSetImpl.java:5733)
	at com.ari.prasetiyo.dao.daoPresensiIzinDanLembur.konversiResultSetList(daoPresensiIzinDanLembur.java:508)
	at com.ari.prasetiyo.dao.daoPresensiIzinDanLembur.tampilDataListPresensi(daoPresensiIzinDanLembur.java:484)
	at com.ari.prasetiyo.payroll.presensiIZinDanLembur.kirimDataAjax(presensiIZinDanLembur.java:506)
	at com.ari.prasetiyo.payroll.presensiIZinDanLembur.doGet(presensiIZinDanLembur.java:172)
	at javax.servlet.http.HttpServlet.service(HttpServlet.java:617)
	at javax.servlet.http.HttpServlet.service(HttpServlet.java:717)
	at org.apache.catalina.core.ApplicationFilterChain.internalDoFilter(ApplicationFilterChain.java:290)
	at org.apache.catalina.core.ApplicationFilterChain.doFilter(ApplicationFilterChain.java:206)
	at org.apache.catalina.core.StandardWrapperValve.invoke(StandardWrapperValve.java:233)
	at org.apache.catalina.core.StandardContextValve.invoke(StandardContextValve.java:191)
	at org.apache.catalina.core.StandardHostValve.invoke(StandardHostValve.java:127)
	at org.apache.catalina.valves.ErrorReportValve.invoke(ErrorReportValve.java:102)
	at org.apache.catalina.core.StandardEngineValve.invoke(StandardEngineValve.java:109)
	at org.apache.catalina.connector.CoyoteAdapter.service(CoyoteAdapter.java:298)
	at org.apache.coyote.http11.Http11Processor.process(Http11Processor.java:857)
	at org.apache.coyote.http11.Http11Protocol$Http11ConnectionHandler.process(Http11Protocol.java:588)
	at org.apache.tomcat.util.net.JIoEndpoint$Worker.run(JIoEndpoint.java:489)
	at java.lang.Thread.run(Thread.java:745)


====================================
20:02:05 arprast log error :
com.ari.prasetiyo.dao.daoMasterPelamar
java.sql.SQLException: Column 'ket' not found.
	at com.mysql.jdbc.SQLError.createSQLException(SQLError.java:1078)
	at com.mysql.jdbc.SQLError.createSQLException(SQLError.java:989)
	at com.mysql.jdbc.SQLError.createSQLException(SQLError.java:975)
	at com.mysql.jdbc.SQLError.createSQLException(SQLError.java:920)
	at com.mysql.jdbc.ResultSetImpl.findColumn(ResultSetImpl.java:1167)
	at com.mysql.jdbc.ResultSetImpl.getString(ResultSetImpl.java:5733)
	at com.ari.prasetiyo.dao.daoPresensiIzinDanLembur.konversiResultSetList(daoPresensiIzinDanLembur.java:508)
	at com.ari.prasetiyo.dao.daoPresensiIzinDanLembur.tampilDataListPresensi(daoPresensiIzinDanLembur.java:484)
	at com.ari.prasetiyo.payroll.presensiIZinDanLembur.kirimDataAjax(presensiIZinDanLembur.java:506)
	at com.ari.prasetiyo.payroll.presensiIZinDanLembur.doGet(presensiIZinDanLembur.java:172)
	at javax.servlet.http.HttpServlet.service(HttpServlet.java:617)
	at javax.servlet.http.HttpServlet.service(HttpServlet.java:717)
	at org.apache.catalina.core.ApplicationFilterChain.internalDoFilter(ApplicationFilterChain.java:290)
	at org.apache.catalina.core.ApplicationFilterChain.doFilter(ApplicationFilterChain.java:206)
	at org.apache.catalina.core.StandardWrapperValve.invoke(StandardWrapperValve.java:233)
	at org.apache.catalina.core.StandardContextValve.invoke(StandardContextValve.java:191)
	at org.apache.catalina.core.StandardHostValve.invoke(StandardHostValve.java:127)
	at org.apache.catalina.valves.ErrorReportValve.invoke(ErrorReportValve.java:102)
	at org.apache.catalina.core.StandardEngineValve.invoke(StandardEngineValve.java:109)
	at org.apache.catalina.connector.CoyoteAdapter.service(CoyoteAdapter.java:298)
	at org.apache.coyote.http11.Http11Processor.process(Http11Processor.java:857)
	at org.apache.coyote.http11.Http11Protocol$Http11ConnectionHandler.process(Http11Protocol.java:588)
	at org.apache.tomcat.util.net.JIoEndpoint$Worker.run(JIoEndpoint.java:489)
	at java.lang.Thread.run(Thread.java:745)


====================================
20:02:05 arprast log error :
com.ari.prasetiyo.dao.daoMasterPelamar
java.sql.SQLException: Column 'ket' not found.
	at com.mysql.jdbc.SQLError.createSQLException(SQLError.java:1078)
	at com.mysql.jdbc.SQLError.createSQLException(SQLError.java:989)
	at com.mysql.jdbc.SQLError.createSQLException(SQLError.java:975)
	at com.mysql.jdbc.SQLError.createSQLException(SQLError.java:920)
	at com.mysql.jdbc.ResultSetImpl.findColumn(ResultSetImpl.java:1167)
	at com.mysql.jdbc.ResultSetImpl.getString(ResultSetImpl.java:5733)
	at com.ari.prasetiyo.dao.daoPresensiIzinDanLembur.konversiResultSetList(daoPresensiIzinDanLembur.java:508)
	at com.ari.prasetiyo.dao.daoPresensiIzinDanLembur.tampilDataListPresensi(daoPresensiIzinDanLembur.java:484)
	at com.ari.prasetiyo.payroll.presensiIZinDanLembur.kirimDataAjax(presensiIZinDanLembur.java:506)
	at com.ari.prasetiyo.payroll.presensiIZinDanLembur.doGet(presensiIZinDanLembur.java:172)
	at javax.servlet.http.HttpServlet.service(HttpServlet.java:617)
	at javax.servlet.http.HttpServlet.service(HttpServlet.java:717)
	at org.apache.catalina.core.ApplicationFilterChain.internalDoFilter(ApplicationFilterChain.java:290)
	at org.apache.catalina.core.ApplicationFilterChain.doFilter(ApplicationFilterChain.java:206)
	at org.apache.catalina.core.StandardWrapperValve.invoke(StandardWrapperValve.java:233)
	at org.apache.catalina.core.StandardContextValve.invoke(StandardContextValve.java:191)
	at org.apache.catalina.core.StandardHostValve.invoke(StandardHostValve.java:127)
	at org.apache.catalina.valves.ErrorReportValve.invoke(ErrorReportValve.java:102)
	at org.apache.catalina.core.StandardEngineValve.invoke(StandardEngineValve.java:109)
	at org.apache.catalina.connector.CoyoteAdapter.service(CoyoteAdapter.java:298)
	at org.apache.coyote.http11.Http11Processor.process(Http11Processor.java:857)
	at org.apache.coyote.http11.Http11Protocol$Http11ConnectionHandler.process(Http11Protocol.java:588)
	at org.apache.tomcat.util.net.JIoEndpoint$Worker.run(JIoEndpoint.java:489)
	at java.lang.Thread.run(Thread.java:745)


====================================
20:02:06 arprast log error :
com.ari.prasetiyo.dao.daoMasterPelamar
java.sql.SQLException: Column 'ket' not found.
	at com.mysql.jdbc.SQLError.createSQLException(SQLError.java:1078)
	at com.mysql.jdbc.SQLError.createSQLException(SQLError.java:989)
	at com.mysql.jdbc.SQLError.createSQLException(SQLError.java:975)
	at com.mysql.jdbc.SQLError.createSQLException(SQLError.java:920)
	at com.mysql.jdbc.ResultSetImpl.findColumn(ResultSetImpl.java:1167)
	at com.mysql.jdbc.ResultSetImpl.getString(ResultSetImpl.java:5733)
	at com.ari.prasetiyo.dao.daoPresensiIzinDanLembur.konversiResultSetList(daoPresensiIzinDanLembur.java:508)
	at com.ari.prasetiyo.dao.daoPresensiIzinDanLembur.tampilDataListPresensi(daoPresensiIzinDanLembur.java:484)
	at com.ari.prasetiyo.payroll.presensiIZinDanLembur.kirimDataAjax(presensiIZinDanLembur.java:506)
	at com.ari.prasetiyo.payroll.presensiIZinDanLembur.doGet(presensiIZinDanLembur.java:172)
	at javax.servlet.http.HttpServlet.service(HttpServlet.java:617)
	at javax.servlet.http.HttpServlet.service(HttpServlet.java:717)
	at org.apache.catalina.core.ApplicationFilterChain.internalDoFilter(ApplicationFilterChain.java:290)
	at org.apache.catalina.core.ApplicationFilterChain.doFilter(ApplicationFilterChain.java:206)
	at org.apache.catalina.core.StandardWrapperValve.invoke(StandardWrapperValve.java:233)
	at org.apache.catalina.core.StandardContextValve.invoke(StandardContextValve.java:191)
	at org.apache.catalina.core.StandardHostValve.invoke(StandardHostValve.java:127)
	at org.apache.catalina.valves.ErrorReportValve.invoke(ErrorReportValve.java:102)
	at org.apache.catalina.core.StandardEngineValve.invoke(StandardEngineValve.java:109)
	at org.apache.catalina.connector.CoyoteAdapter.service(CoyoteAdapter.java:298)
	at org.apache.coyote.http11.Http11Processor.process(Http11Processor.java:857)
	at org.apache.coyote.http11.Http11Protocol$Http11ConnectionHandler.process(Http11Protocol.java:588)
	at org.apache.tomcat.util.net.JIoEndpoint$Worker.run(JIoEndpoint.java:489)
	at java.lang.Thread.run(Thread.java:745)


====================================
20:10:17 arprast log error :
com.ari.prasetiyo.dao.daoMasterPelamar
java.sql.SQLException: The used SELECT statements have a different number of columns
	at com.mysql.jdbc.SQLError.createSQLException(SQLError.java:1078)
	at com.mysql.jdbc.MysqlIO.checkErrorPacket(MysqlIO.java:4187)
	at com.mysql.jdbc.MysqlIO.checkErrorPacket(MysqlIO.java:4119)
	at com.mysql.jdbc.MysqlIO.sendCommand(MysqlIO.java:2570)
	at com.mysql.jdbc.MysqlIO.sqlQueryDirect(MysqlIO.java:2731)
	at com.mysql.jdbc.ConnectionImpl.execSQL(ConnectionImpl.java:2815)
	at com.mysql.jdbc.PreparedStatement.executeInternal(PreparedStatement.java:2155)
	at com.mysql.jdbc.PreparedStatement.executeQuery(PreparedStatement.java:2322)
	at com.ari.prasetiyo.dao.daoPresensiIzinDanLembur.tampilDataListPresensi(daoPresensiIzinDanLembur.java:470)
	at com.ari.prasetiyo.payroll.presensiIZinDanLembur.kirimDataAjax(presensiIZinDanLembur.java:506)
	at com.ari.prasetiyo.payroll.presensiIZinDanLembur.doGet(presensiIZinDanLembur.java:172)
	at javax.servlet.http.HttpServlet.service(HttpServlet.java:617)
	at javax.servlet.http.HttpServlet.service(HttpServlet.java:717)
	at org.apache.catalina.core.ApplicationFilterChain.internalDoFilter(ApplicationFilterChain.java:290)
	at org.apache.catalina.core.ApplicationFilterChain.doFilter(ApplicationFilterChain.java:206)
	at org.apache.catalina.core.StandardWrapperValve.invoke(StandardWrapperValve.java:233)
	at org.apache.catalina.core.StandardContextValve.invoke(StandardContextValve.java:191)
	at org.apache.catalina.core.StandardHostValve.invoke(StandardHostValve.java:127)
	at org.apache.catalina.valves.ErrorReportValve.invoke(ErrorReportValve.java:102)
	at org.apache.catalina.core.StandardEngineValve.invoke(StandardEngineValve.java:109)
	at org.apache.catalina.connector.CoyoteAdapter.service(CoyoteAdapter.java:298)
	at org.apache.coyote.http11.Http11Processor.process(Http11Processor.java:857)
	at org.apache.coyote.http11.Http11Protocol$Http11ConnectionHandler.process(Http11Protocol.java:588)
	at org.apache.tomcat.util.net.JIoEndpoint$Worker.run(JIoEndpoint.java:489)
	at java.lang.Thread.run(Thread.java:745)


====================================
20:13:52 arprast log error :
com.ari.prasetiyo.dao.daoMasterPelamar
java.sql.SQLException: The used SELECT statements have a different number of columns
	at com.mysql.jdbc.SQLError.createSQLException(SQLError.java:1078)
	at com.mysql.jdbc.MysqlIO.checkErrorPacket(MysqlIO.java:4187)
	at com.mysql.jdbc.MysqlIO.checkErrorPacket(MysqlIO.java:4119)
	at com.mysql.jdbc.MysqlIO.sendCommand(MysqlIO.java:2570)
	at com.mysql.jdbc.MysqlIO.sqlQueryDirect(MysqlIO.java:2731)
	at com.mysql.jdbc.ConnectionImpl.execSQL(ConnectionImpl.java:2815)
	at com.mysql.jdbc.PreparedStatement.executeInternal(PreparedStatement.java:2155)
	at com.mysql.jdbc.PreparedStatement.executeQuery(PreparedStatement.java:2322)
	at com.ari.prasetiyo.dao.daoPresensiIzinDanLembur.tampilDataListPresensi(daoPresensiIzinDanLembur.java:470)
	at com.ari.prasetiyo.payroll.presensiIZinDanLembur.kirimDataAjax(presensiIZinDanLembur.java:506)
	at com.ari.prasetiyo.payroll.presensiIZinDanLembur.doGet(presensiIZinDanLembur.java:172)
	at javax.servlet.http.HttpServlet.service(HttpServlet.java:617)
	at javax.servlet.http.HttpServlet.service(HttpServlet.java:717)
	at org.apache.catalina.core.ApplicationFilterChain.internalDoFilter(ApplicationFilterChain.java:290)
	at org.apache.catalina.core.ApplicationFilterChain.doFilter(ApplicationFilterChain.java:206)
	at org.apache.catalina.core.StandardWrapperValve.invoke(StandardWrapperValve.java:233)
	at org.apache.catalina.core.StandardContextValve.invoke(StandardContextValve.java:191)
	at org.apache.catalina.core.StandardHostValve.invoke(StandardHostValve.java:127)
	at org.apache.catalina.valves.ErrorReportValve.invoke(ErrorReportValve.java:102)
	at org.apache.catalina.core.StandardEngineValve.invoke(StandardEngineValve.java:109)
	at org.apache.catalina.connector.CoyoteAdapter.service(CoyoteAdapter.java:298)
	at org.apache.coyote.http11.Http11Processor.process(Http11Processor.java:857)
	at org.apache.coyote.http11.Http11Protocol$Http11ConnectionHandler.process(Http11Protocol.java:588)
	at org.apache.tomcat.util.net.JIoEndpoint$Worker.run(JIoEndpoint.java:489)
	at java.lang.Thread.run(Thread.java:745)


====================================
20:16:54 arprast log error :
com.ari.prasetiyo.dao.daoMasterPelamar
com.mysql.jdbc.exceptions.jdbc4.MySQLSyntaxErrorException: Unknown column 'piz.keterangan' in 'field list'
	at sun.reflect.NativeConstructorAccessorImpl.newInstance0(Native Method)
	at sun.reflect.NativeConstructorAccessorImpl.newInstance(NativeConstructorAccessorImpl.java:62)
	at sun.reflect.DelegatingConstructorAccessorImpl.newInstance(DelegatingConstructorAccessorImpl.java:45)
	at java.lang.reflect.Constructor.newInstance(Constructor.java:408)
	at com.mysql.jdbc.Util.handleNewInstance(Util.java:411)
	at com.mysql.jdbc.Util.getInstance(Util.java:386)
	at com.mysql.jdbc.SQLError.createSQLException(SQLError.java:1054)
	at com.mysql.jdbc.MysqlIO.checkErrorPacket(MysqlIO.java:4187)
	at com.mysql.jdbc.MysqlIO.checkErrorPacket(MysqlIO.java:4119)
	at com.mysql.jdbc.MysqlIO.sendCommand(MysqlIO.java:2570)
	at com.mysql.jdbc.MysqlIO.sqlQueryDirect(MysqlIO.java:2731)
	at com.mysql.jdbc.ConnectionImpl.execSQL(ConnectionImpl.java:2815)
	at com.mysql.jdbc.PreparedStatement.executeInternal(PreparedStatement.java:2155)
	at com.mysql.jdbc.PreparedStatement.executeQuery(PreparedStatement.java:2322)
	at com.ari.prasetiyo.dao.daoPresensiIzinDanLembur.tampilDataListPresensi(daoPresensiIzinDanLembur.java:473)
	at com.ari.prasetiyo.payroll.presensiIZinDanLembur.kirimDataAjax(presensiIZinDanLembur.java:506)
	at com.ari.prasetiyo.payroll.presensiIZinDanLembur.doGet(presensiIZinDanLembur.java:172)
	at javax.servlet.http.HttpServlet.service(HttpServlet.java:617)
	at javax.servlet.http.HttpServlet.service(HttpServlet.java:717)
	at org.apache.catalina.core.ApplicationFilterChain.internalDoFilter(ApplicationFilterChain.java:290)
	at org.apache.catalina.core.ApplicationFilterChain.doFilter(ApplicationFilterChain.java:206)
	at org.apache.catalina.core.StandardWrapperValve.invoke(StandardWrapperValve.java:233)
	at org.apache.catalina.core.StandardContextValve.invoke(StandardContextValve.java:191)
	at org.apache.catalina.core.StandardHostValve.invoke(StandardHostValve.java:127)
	at org.apache.catalina.valves.ErrorReportValve.invoke(ErrorReportValve.java:102)
	at org.apache.catalina.core.StandardEngineValve.invoke(StandardEngineValve.java:109)
	at org.apache.catalina.connector.CoyoteAdapter.service(CoyoteAdapter.java:298)
	at org.apache.coyote.http11.Http11Processor.process(Http11Processor.java:857)
	at org.apache.coyote.http11.Http11Protocol$Http11ConnectionHandler.process(Http11Protocol.java:588)
	at org.apache.tomcat.util.net.JIoEndpoint$Worker.run(JIoEndpoint.java:489)
	at java.lang.Thread.run(Thread.java:745)


====================================
20:44:13 arprast log error :
com.ari.prasetiyo.dao.daoQueryAll
com.mysql.jdbc.exceptions.jdbc4.MySQLSyntaxErrorException: Unknown column 'piz.tanggal_dibuat' in 'on clause'
	at sun.reflect.NativeConstructorAccessorImpl.newInstance0(Native Method)
	at sun.reflect.NativeConstructorAccessorImpl.newInstance(NativeConstructorAccessorImpl.java:62)
	at sun.reflect.DelegatingConstructorAccessorImpl.newInstance(DelegatingConstructorAccessorImpl.java:45)
	at java.lang.reflect.Constructor.newInstance(Constructor.java:408)
	at com.mysql.jdbc.Util.handleNewInstance(Util.java:411)
	at com.mysql.jdbc.Util.getInstance(Util.java:386)
	at com.mysql.jdbc.SQLError.createSQLException(SQLError.java:1054)
	at com.mysql.jdbc.MysqlIO.checkErrorPacket(MysqlIO.java:4187)
	at com.mysql.jdbc.MysqlIO.checkErrorPacket(MysqlIO.java:4119)
	at com.mysql.jdbc.MysqlIO.sendCommand(MysqlIO.java:2570)
	at com.mysql.jdbc.MysqlIO.sqlQueryDirect(MysqlIO.java:2731)
	at com.mysql.jdbc.ConnectionImpl.execSQL(ConnectionImpl.java:2815)
	at com.mysql.jdbc.PreparedStatement.executeInternal(PreparedStatement.java:2155)
	at com.mysql.jdbc.PreparedStatement.executeQuery(PreparedStatement.java:2322)
	at com.ari.prasetiyo.dao.daoQueryAll.jumlahRow(daoQueryAll.java:46)
	at com.ari.prasetiyo.payroll.presensiIZinDanLembur.kirimDataAjax(presensiIZinDanLembur.java:529)
	at com.ari.prasetiyo.payroll.presensiIZinDanLembur.doGet(presensiIZinDanLembur.java:172)
	at javax.servlet.http.HttpServlet.service(HttpServlet.java:617)
	at javax.servlet.http.HttpServlet.service(HttpServlet.java:717)
	at org.apache.catalina.core.ApplicationFilterChain.internalDoFilter(ApplicationFilterChain.java:290)
	at org.apache.catalina.core.ApplicationFilterChain.doFilter(ApplicationFilterChain.java:206)
	at org.apache.catalina.core.StandardWrapperValve.invoke(StandardWrapperValve.java:233)
	at org.apache.catalina.core.StandardContextValve.invoke(StandardContextValve.java:191)
	at org.apache.catalina.core.StandardHostValve.invoke(StandardHostValve.java:127)
	at org.apache.catalina.valves.ErrorReportValve.invoke(ErrorReportValve.java:102)
	at org.apache.catalina.core.StandardEngineValve.invoke(StandardEngineValve.java:109)
	at org.apache.catalina.connector.CoyoteAdapter.service(CoyoteAdapter.java:298)
	at org.apache.coyote.http11.Http11Processor.process(Http11Processor.java:857)
	at org.apache.coyote.http11.Http11Protocol$Http11ConnectionHandler.process(Http11Protocol.java:588)
	at org.apache.tomcat.util.net.JIoEndpoint$Worker.run(JIoEndpoint.java:489)
	at java.lang.Thread.run(Thread.java:745)


====================================
20:44:16 arprast log error :
com.ari.prasetiyo.dao.daoMasterPelamar
java.sql.SQLException: No value specified for parameter 12
	at com.mysql.jdbc.SQLError.createSQLException(SQLError.java:1078)
	at com.mysql.jdbc.SQLError.createSQLException(SQLError.java:989)
	at com.mysql.jdbc.SQLError.createSQLException(SQLError.java:975)
	at com.mysql.jdbc.SQLError.createSQLException(SQLError.java:920)
	at com.mysql.jdbc.PreparedStatement.checkAllParametersSet(PreparedStatement.java:2611)
	at com.mysql.jdbc.PreparedStatement.fillSendPacket(PreparedStatement.java:2586)
	at com.mysql.jdbc.PreparedStatement.fillSendPacket(PreparedStatement.java:2510)
	at com.mysql.jdbc.PreparedStatement.executeQuery(PreparedStatement.java:2259)
	at com.ari.prasetiyo.dao.daoPresensiIzinDanLembur.tampilDataListPresensi(daoPresensiIzinDanLembur.java:457)
	at com.ari.prasetiyo.payroll.presensiIZinDanLembur.kirimDataAjax(presensiIZinDanLembur.java:537)
	at com.ari.prasetiyo.payroll.presensiIZinDanLembur.doGet(presensiIZinDanLembur.java:172)
	at javax.servlet.http.HttpServlet.service(HttpServlet.java:617)
	at javax.servlet.http.HttpServlet.service(HttpServlet.java:717)
	at org.apache.catalina.core.ApplicationFilterChain.internalDoFilter(ApplicationFilterChain.java:290)
	at org.apache.catalina.core.ApplicationFilterChain.doFilter(ApplicationFilterChain.java:206)
	at org.apache.catalina.core.StandardWrapperValve.invoke(StandardWrapperValve.java:233)
	at org.apache.catalina.core.StandardContextValve.invoke(StandardContextValve.java:191)
	at org.apache.catalina.core.StandardHostValve.invoke(StandardHostValve.java:127)
	at org.apache.catalina.valves.ErrorReportValve.invoke(ErrorReportValve.java:102)
	at org.apache.catalina.core.StandardEngineValve.invoke(StandardEngineValve.java:109)
	at org.apache.catalina.connector.CoyoteAdapter.service(CoyoteAdapter.java:298)
	at org.apache.coyote.http11.Http11Processor.process(Http11Processor.java:857)
	at org.apache.coyote.http11.Http11Protocol$Http11ConnectionHandler.process(Http11Protocol.java:588)
	at org.apache.tomcat.util.net.JIoEndpoint$Worker.run(JIoEndpoint.java:489)
	at java.lang.Thread.run(Thread.java:745)


====================================
20:55:23 arprast log error :
com.ari.prasetiyo.dao.daoQueryAll
java.sql.SQLException: No value specified for parameter 10
	at com.mysql.jdbc.SQLError.createSQLException(SQLError.java:1078)
	at com.mysql.jdbc.SQLError.createSQLException(SQLError.java:989)
	at com.mysql.jdbc.SQLError.createSQLException(SQLError.java:975)
	at com.mysql.jdbc.SQLError.createSQLException(SQLError.java:920)
	at com.mysql.jdbc.PreparedStatement.checkAllParametersSet(PreparedStatement.java:2611)
	at com.mysql.jdbc.PreparedStatement.fillSendPacket(PreparedStatement.java:2586)
	at com.mysql.jdbc.PreparedStatement.fillSendPacket(PreparedStatement.java:2510)
	at com.mysql.jdbc.PreparedStatement.executeQuery(PreparedStatement.java:2259)
	at com.ari.prasetiyo.dao.daoQueryAll.jumlahRow(daoQueryAll.java:46)
	at com.ari.prasetiyo.payroll.presensiIZinDanLembur.kirimDataAjax(presensiIZinDanLembur.java:531)
	at com.ari.prasetiyo.payroll.presensiIZinDanLembur.doGet(presensiIZinDanLembur.java:172)
	at javax.servlet.http.HttpServlet.service(HttpServlet.java:617)
	at javax.servlet.http.HttpServlet.service(HttpServlet.java:717)
	at org.apache.catalina.core.ApplicationFilterChain.internalDoFilter(ApplicationFilterChain.java:290)
	at org.apache.catalina.core.ApplicationFilterChain.doFilter(ApplicationFilterChain.java:206)
	at org.apache.catalina.core.StandardWrapperValve.invoke(StandardWrapperValve.java:233)
	at org.apache.catalina.core.StandardContextValve.invoke(StandardContextValve.java:191)
	at org.apache.catalina.core.StandardHostValve.invoke(StandardHostValve.java:127)
	at org.apache.catalina.valves.ErrorReportValve.invoke(ErrorReportValve.java:102)
	at org.apache.catalina.core.StandardEngineValve.invoke(StandardEngineValve.java:109)
	at org.apache.catalina.connector.CoyoteAdapter.service(CoyoteAdapter.java:298)
	at org.apache.coyote.http11.Http11Processor.process(Http11Processor.java:857)
	at org.apache.coyote.http11.Http11Protocol$Http11ConnectionHandler.process(Http11Protocol.java:588)
	at org.apache.tomcat.util.net.JIoEndpoint$Worker.run(JIoEndpoint.java:489)
	at java.lang.Thread.run(Thread.java:745)


====================================
