15:15:39 arprast log error :
com.ari.prasetiyo.dao.daoPresensiIzinDanLembur
java.sql.SQLException: No value specified for parameter 2
	at com.mysql.jdbc.SQLError.createSQLException(SQLError.java:1078)
	at com.mysql.jdbc.SQLError.createSQLException(SQLError.java:989)
	at com.mysql.jdbc.SQLError.createSQLException(SQLError.java:975)
	at com.mysql.jdbc.SQLError.createSQLException(SQLError.java:920)
	at com.mysql.jdbc.PreparedStatement.checkAllParametersSet(PreparedStatement.java:2611)
	at com.mysql.jdbc.PreparedStatement.fillSendPacket(PreparedStatement.java:2586)
	at com.mysql.jdbc.PreparedStatement.fillSendPacket(PreparedStatement.java:2510)
	at com.mysql.jdbc.PreparedStatement.executeQuery(PreparedStatement.java:2259)
	at com.ari.prasetiyo.dao.daoPresensiIzinDanLembur.tampilDataPencarian(daoPresensiIzinDanLembur.java:330)
	at com.ari.prasetiyo.payroll.presensiIZinDanLembur.doGet(presensiIZinDanLembur.java:162)
	at javax.servlet.http.HttpServlet.service(HttpServlet.java:617)
	at javax.servlet.http.HttpServlet.service(HttpServlet.java:717)
	at org.apache.catalina.core.ApplicationFilterChain.internalDoFilter(ApplicationFilterChain.java:290)
	at org.apache.catalina.core.ApplicationFilterChain.doFilter(ApplicationFilterChain.java:206)
	at org.apache.catalina.core.StandardWrapperValve.invoke(StandardWrapperValve.java:233)
	at org.apache.catalina.core.StandardContextValve.invoke(StandardContextValve.java:191)
	at org.apache.catalina.core.StandardHostValve.invoke(StandardHostValve.java:127)
	at org.apache.catalina.valves.ErrorReportValve.invoke(ErrorReportValve.java:102)
	at org.apache.catalina.core.StandardEngineValve.invoke(StandardEngineValve.java:109)
	at org.apache.catalina.connector.CoyoteAdapter.service(CoyoteAdapter.java:298)
	at org.apache.coyote.http11.Http11Processor.process(Http11Processor.java:857)
	at org.apache.coyote.http11.Http11Protocol$Http11ConnectionHandler.process(Http11Protocol.java:588)
	at org.apache.tomcat.util.net.JIoEndpoint$Worker.run(JIoEndpoint.java:489)
	at java.lang.Thread.run(Thread.java:745)


====================================
15:15:41 arprast log error :
com.ari.prasetiyo.dao.daoPresensiIzinDanLembur
java.sql.SQLException: No value specified for parameter 2
	at com.mysql.jdbc.SQLError.createSQLException(SQLError.java:1078)
	at com.mysql.jdbc.SQLError.createSQLException(SQLError.java:989)
	at com.mysql.jdbc.SQLError.createSQLException(SQLError.java:975)
	at com.mysql.jdbc.SQLError.createSQLException(SQLError.java:920)
	at com.mysql.jdbc.PreparedStatement.checkAllParametersSet(PreparedStatement.java:2611)
	at com.mysql.jdbc.PreparedStatement.fillSendPacket(PreparedStatement.java:2586)
	at com.mysql.jdbc.PreparedStatement.fillSendPacket(PreparedStatement.java:2510)
	at com.mysql.jdbc.PreparedStatement.executeQuery(PreparedStatement.java:2259)
	at com.ari.prasetiyo.dao.daoPresensiIzinDanLembur.tampilDataPencarian(daoPresensiIzinDanLembur.java:330)
	at com.ari.prasetiyo.payroll.presensiIZinDanLembur.doGet(presensiIZinDanLembur.java:162)
	at javax.servlet.http.HttpServlet.service(HttpServlet.java:617)
	at javax.servlet.http.HttpServlet.service(HttpServlet.java:717)
	at org.apache.catalina.core.ApplicationFilterChain.internalDoFilter(ApplicationFilterChain.java:290)
	at org.apache.catalina.core.ApplicationFilterChain.doFilter(ApplicationFilterChain.java:206)
	at org.apache.catalina.core.StandardWrapperValve.invoke(StandardWrapperValve.java:233)
	at org.apache.catalina.core.StandardContextValve.invoke(StandardContextValve.java:191)
	at org.apache.catalina.core.StandardHostValve.invoke(StandardHostValve.java:127)
	at org.apache.catalina.valves.ErrorReportValve.invoke(ErrorReportValve.java:102)
	at org.apache.catalina.core.StandardEngineValve.invoke(StandardEngineValve.java:109)
	at org.apache.catalina.connector.CoyoteAdapter.service(CoyoteAdapter.java:298)
	at org.apache.coyote.http11.Http11Processor.process(Http11Processor.java:857)
	at org.apache.coyote.http11.Http11Protocol$Http11ConnectionHandler.process(Http11Protocol.java:588)
	at org.apache.tomcat.util.net.JIoEndpoint$Worker.run(JIoEndpoint.java:489)
	at java.lang.Thread.run(Thread.java:745)


====================================
15:16:00 arprast log error :
com.ari.prasetiyo.dao.daoPresensiIzinDanLembur
java.sql.SQLException: No value specified for parameter 2
	at com.mysql.jdbc.SQLError.createSQLException(SQLError.java:1078)
	at com.mysql.jdbc.SQLError.createSQLException(SQLError.java:989)
	at com.mysql.jdbc.SQLError.createSQLException(SQLError.java:975)
	at com.mysql.jdbc.SQLError.createSQLException(SQLError.java:920)
	at com.mysql.jdbc.PreparedStatement.checkAllParametersSet(PreparedStatement.java:2611)
	at com.mysql.jdbc.PreparedStatement.fillSendPacket(PreparedStatement.java:2586)
	at com.mysql.jdbc.PreparedStatement.fillSendPacket(PreparedStatement.java:2510)
	at com.mysql.jdbc.PreparedStatement.executeQuery(PreparedStatement.java:2259)
	at com.ari.prasetiyo.dao.daoPresensiIzinDanLembur.tampilDataPencarian(daoPresensiIzinDanLembur.java:330)
	at com.ari.prasetiyo.payroll.presensiIZinDanLembur.doGet(presensiIZinDanLembur.java:162)
	at javax.servlet.http.HttpServlet.service(HttpServlet.java:617)
	at javax.servlet.http.HttpServlet.service(HttpServlet.java:717)
	at org.apache.catalina.core.ApplicationFilterChain.internalDoFilter(ApplicationFilterChain.java:290)
	at org.apache.catalina.core.ApplicationFilterChain.doFilter(ApplicationFilterChain.java:206)
	at org.apache.catalina.core.StandardWrapperValve.invoke(StandardWrapperValve.java:233)
	at org.apache.catalina.core.StandardContextValve.invoke(StandardContextValve.java:191)
	at org.apache.catalina.core.StandardHostValve.invoke(StandardHostValve.java:127)
	at org.apache.catalina.valves.ErrorReportValve.invoke(ErrorReportValve.java:102)
	at org.apache.catalina.core.StandardEngineValve.invoke(StandardEngineValve.java:109)
	at org.apache.catalina.connector.CoyoteAdapter.service(CoyoteAdapter.java:298)
	at org.apache.coyote.http11.Http11Processor.process(Http11Processor.java:857)
	at org.apache.coyote.http11.Http11Protocol$Http11ConnectionHandler.process(Http11Protocol.java:588)
	at org.apache.tomcat.util.net.JIoEndpoint$Worker.run(JIoEndpoint.java:489)
	at java.lang.Thread.run(Thread.java:745)


====================================
