11:20:14 arprast log error :
com.ari.prasetiyo.dao.daoMasterPelamar
java.sql.SQLException: Parameter index out of range (1 > number of parameters, which is 0).
	at com.mysql.jdbc.SQLError.createSQLException(SQLError.java:1078)
	at com.mysql.jdbc.SQLError.createSQLException(SQLError.java:989)
	at com.mysql.jdbc.SQLError.createSQLException(SQLError.java:975)
	at com.mysql.jdbc.SQLError.createSQLException(SQLError.java:920)
	at com.mysql.jdbc.PreparedStatement.checkBounds(PreparedStatement.java:3813)
	at com.mysql.jdbc.PreparedStatement.setInternal(PreparedStatement.java:3795)
	at com.mysql.jdbc.PreparedStatement.setInternal(PreparedStatement.java:3840)
	at com.mysql.jdbc.PreparedStatement.setInt(PreparedStatement.java:3784)
	at com.ari.prasetiyo.dao.daoMasterKaryawan.tampilDataKarywan(daoMasterKaryawan.java:259)
	at com.ari.prasetiyo.payroll.masterKaryawan.kirimDataAjax(masterKaryawan.java:279)
	at com.ari.prasetiyo.payroll.masterKaryawan.doGet(masterKaryawan.java:113)
	at javax.servlet.http.HttpServlet.service(HttpServlet.java:617)
	at javax.servlet.http.HttpServlet.service(HttpServlet.java:717)
	at org.apache.catalina.core.ApplicationFilterChain.internalDoFilter(ApplicationFilterChain.java:290)
	at org.apache.catalina.core.ApplicationFilterChain.doFilter(ApplicationFilterChain.java:206)
	at org.apache.catalina.core.StandardWrapperValve.invoke(StandardWrapperValve.java:233)
	at org.apache.catalina.core.StandardContextValve.invoke(StandardContextValve.java:191)
	at org.apache.catalina.core.StandardHostValve.invoke(StandardHostValve.java:127)
	at org.apache.catalina.valves.ErrorReportValve.invoke(ErrorReportValve.java:102)
	at org.apache.catalina.core.StandardEngineValve.invoke(StandardEngineValve.java:109)
	at org.apache.catalina.connector.CoyoteAdapter.service(CoyoteAdapter.java:298)
	at org.apache.coyote.http11.Http11Processor.process(Http11Processor.java:857)
	at org.apache.coyote.http11.Http11Protocol$Http11ConnectionHandler.process(Http11Protocol.java:588)
	at org.apache.tomcat.util.net.JIoEndpoint$Worker.run(JIoEndpoint.java:489)
	at java.lang.Thread.run(Thread.java:745)


====================================
22:04:59 arprast log error :
com.ari.prasetiyo.dao.daoMasterPelamar
java.sql.SQLException: Parameter index out of range (3 > number of parameters, which is 2).
	at com.mysql.jdbc.SQLError.createSQLException(SQLError.java:1078)
	at com.mysql.jdbc.SQLError.createSQLException(SQLError.java:989)
	at com.mysql.jdbc.SQLError.createSQLException(SQLError.java:975)
	at com.mysql.jdbc.SQLError.createSQLException(SQLError.java:920)
	at com.mysql.jdbc.PreparedStatement.checkBounds(PreparedStatement.java:3813)
	at com.mysql.jdbc.PreparedStatement.setInternal(PreparedStatement.java:3795)
	at com.mysql.jdbc.PreparedStatement.setString(PreparedStatement.java:4616)
	at com.ari.prasetiyo.dao.daoMasterKaryawan.tampilDataKarywan(daoMasterKaryawan.java:255)
	at com.ari.prasetiyo.payroll.masterKaryawan.kirimDataAjax(masterKaryawan.java:279)
	at com.ari.prasetiyo.payroll.masterKaryawan.doGet(masterKaryawan.java:113)
	at javax.servlet.http.HttpServlet.service(HttpServlet.java:617)
	at javax.servlet.http.HttpServlet.service(HttpServlet.java:717)
	at org.apache.catalina.core.ApplicationFilterChain.internalDoFilter(ApplicationFilterChain.java:290)
	at org.apache.catalina.core.ApplicationFilterChain.doFilter(ApplicationFilterChain.java:206)
	at org.apache.catalina.core.StandardWrapperValve.invoke(StandardWrapperValve.java:233)
	at org.apache.catalina.core.StandardContextValve.invoke(StandardContextValve.java:191)
	at org.apache.catalina.core.StandardHostValve.invoke(StandardHostValve.java:127)
	at org.apache.catalina.valves.ErrorReportValve.invoke(ErrorReportValve.java:102)
	at org.apache.catalina.core.StandardEngineValve.invoke(StandardEngineValve.java:109)
	at org.apache.catalina.connector.CoyoteAdapter.service(CoyoteAdapter.java:298)
	at org.apache.coyote.http11.Http11Processor.process(Http11Processor.java:857)
	at org.apache.coyote.http11.Http11Protocol$Http11ConnectionHandler.process(Http11Protocol.java:588)
	at org.apache.tomcat.util.net.JIoEndpoint$Worker.run(JIoEndpoint.java:489)
	at java.lang.Thread.run(Thread.java:745)


====================================
22:23:58 arprast log error :
com.ari.prasetiyo.dao.daoMasterPelamar
java.sql.SQLException: No value specified for parameter 7
	at com.mysql.jdbc.SQLError.createSQLException(SQLError.java:1078)
	at com.mysql.jdbc.SQLError.createSQLException(SQLError.java:989)
	at com.mysql.jdbc.SQLError.createSQLException(SQLError.java:975)
	at com.mysql.jdbc.SQLError.createSQLException(SQLError.java:920)
	at com.mysql.jdbc.PreparedStatement.checkAllParametersSet(PreparedStatement.java:2611)
	at com.mysql.jdbc.PreparedStatement.fillSendPacket(PreparedStatement.java:2586)
	at com.mysql.jdbc.PreparedStatement.fillSendPacket(PreparedStatement.java:2510)
	at com.mysql.jdbc.PreparedStatement.executeQuery(PreparedStatement.java:2259)
	at com.ari.prasetiyo.dao.daoMasterKaryawan.tampilDataKarywan(daoMasterKaryawan.java:263)
	at com.ari.prasetiyo.payroll.masterKaryawan.kirimDataAjax(masterKaryawan.java:280)
	at com.ari.prasetiyo.payroll.masterKaryawan.doGet(masterKaryawan.java:114)
	at javax.servlet.http.HttpServlet.service(HttpServlet.java:617)
	at javax.servlet.http.HttpServlet.service(HttpServlet.java:717)
	at org.apache.catalina.core.ApplicationFilterChain.internalDoFilter(ApplicationFilterChain.java:290)
	at org.apache.catalina.core.ApplicationFilterChain.doFilter(ApplicationFilterChain.java:206)
	at org.apache.catalina.core.StandardWrapperValve.invoke(StandardWrapperValve.java:233)
	at org.apache.catalina.core.StandardContextValve.invoke(StandardContextValve.java:191)
	at org.apache.catalina.core.StandardHostValve.invoke(StandardHostValve.java:127)
	at org.apache.catalina.valves.ErrorReportValve.invoke(ErrorReportValve.java:102)
	at org.apache.catalina.core.StandardEngineValve.invoke(StandardEngineValve.java:109)
	at org.apache.catalina.connector.CoyoteAdapter.service(CoyoteAdapter.java:298)
	at org.apache.coyote.http11.Http11Processor.process(Http11Processor.java:857)
	at org.apache.coyote.http11.Http11Protocol$Http11ConnectionHandler.process(Http11Protocol.java:588)
	at org.apache.tomcat.util.net.JIoEndpoint$Worker.run(JIoEndpoint.java:489)
	at java.lang.Thread.run(Thread.java:745)


====================================
22:25:11 arprast log error :
com.ari.prasetiyo.sistem.tanggalSistem
java.text.ParseException: Unparseable date: "null"
	at java.text.DateFormat.parse(DateFormat.java:366)
	at com.ari.prasetiyo.sistem.tanggalSistem.tglUtil(tanggalSistem.java:398)
	at com.ari.prasetiyo.payroll.masterKaryawan.doGet(masterKaryawan.java:101)
	at javax.servlet.http.HttpServlet.service(HttpServlet.java:617)
	at javax.servlet.http.HttpServlet.service(HttpServlet.java:717)
	at org.apache.catalina.core.ApplicationFilterChain.internalDoFilter(ApplicationFilterChain.java:290)
	at org.apache.catalina.core.ApplicationFilterChain.doFilter(ApplicationFilterChain.java:206)
	at org.apache.catalina.core.StandardWrapperValve.invoke(StandardWrapperValve.java:233)
	at org.apache.catalina.core.StandardContextValve.invoke(StandardContextValve.java:191)
	at org.apache.catalina.core.StandardHostValve.invoke(StandardHostValve.java:127)
	at org.apache.catalina.valves.ErrorReportValve.invoke(ErrorReportValve.java:102)
	at org.apache.catalina.core.StandardEngineValve.invoke(StandardEngineValve.java:109)
	at org.apache.catalina.connector.CoyoteAdapter.service(CoyoteAdapter.java:298)
	at org.apache.coyote.http11.Http11Processor.process(Http11Processor.java:857)
	at org.apache.coyote.http11.Http11Protocol$Http11ConnectionHandler.process(Http11Protocol.java:588)
	at org.apache.tomcat.util.net.JIoEndpoint$Worker.run(JIoEndpoint.java:489)
	at java.lang.Thread.run(Thread.java:745)


====================================
